*** Starting uWSGI 2.0.18 (64bit) on [Sun Apr 19 14:52:45 2020] ***
compiled with version: 7.5.0 on 18 April 2020 17:35:10
os: Linux-5.3.0-46-generic #38~18.04.1-Ubuntu SMP Tue Mar 31 04:17:56 UTC 2020
nodename: xiaoxi-K45VD
machine: x86_64
clock source: unix
detected number of CPU cores: 4
current working directory: /home/xiaoxi/xsearch_uwsgi
writing pidfile to /home/xiaoxi/xsearch_uwsgi/master.pid
detected binary path: /home/xiaoxi/.local/bin/uwsgi
!!! no internal routing support, rebuild with pcre support !!!
cannot setgid() as non-root user
*** Starting uWSGI 2.0.18 (64bit) on [Sun Apr 19 14:55:27 2020] ***
compiled with version: 7.5.0 on 18 April 2020 17:35:10
os: Linux-5.3.0-46-generic #38~18.04.1-Ubuntu SMP Tue Mar 31 04:17:56 UTC 2020
nodename: xiaoxi-K45VD
machine: x86_64
clock source: unix
detected number of CPU cores: 4
current working directory: /home/xiaoxi
writing pidfile to /home/xiaoxi/xsearch_uwsgi/master.pid
detected binary path: /home/xiaoxi/.local/bin/uwsgi
!!! no internal routing support, rebuild with pcre support !!!
cannot setgid() as non-root user
*** Starting uWSGI 2.0.18 (64bit) on [Sun Apr 19 15:04:14 2020] ***
compiled with version: 7.5.0 on 18 April 2020 17:35:10
os: Linux-5.3.0-46-generic #38~18.04.1-Ubuntu SMP Tue Mar 31 04:17:56 UTC 2020
nodename: xiaoxi-K45VD
machine: x86_64
clock source: unix
detected number of CPU cores: 4
current working directory: /home/xiaoxi
writing pidfile to /home/xiaoxi/xsearch_uwsgi/master.pid
detected binary path: /home/xiaoxi/.local/bin/uwsgi
!!! no internal routing support, rebuild with pcre support !!!
cannot setgid() as non-root user
*** Starting uWSGI 2.0.18 (64bit) on [Sun Apr 19 15:04:58 2020] ***
compiled with version: 7.5.0 on 18 April 2020 17:35:10
os: Linux-5.3.0-46-generic #38~18.04.1-Ubuntu SMP Tue Mar 31 04:17:56 UTC 2020
nodename: xiaoxi-K45VD
machine: x86_64
clock source: unix
detected number of CPU cores: 4
current working directory: /home/xiaoxi
writing pidfile to /home/xiaoxi/xsearch_uwsgi/master.pid
detected binary path: /home/xiaoxi/.local/bin/uwsgi
!!! no internal routing support, rebuild with pcre support !!!
chdir() to /home/xiaoxi/xx_search
your processes number limit is 15099
your memory page size is 4096 bytes
 *** WARNING: you have enabled harakiri without post buffering. Slow upload could be rejected on post-unbuffered webservers *** 
detected max file descriptor number: 1024
lock engine: pthread robust mutexes
thunder lock: disabled (you can enable it with --thunder-lock)
uwsgi socket 0 bound to TCP address 127.0.0.1:8001 fd 3
Python version: 3.6.9 (default, Nov  7 2019, 10:44:02)  [GCC 8.3.0]
PEP 405 virtualenv detected: /home/xiaoxi/xsearch_env
Set PythonHome to /home/xiaoxi/xsearch_env
*** Python threads support is disabled. You can enable it with --enable-threads ***
Python main interpreter initialized at 0x5610aafd2bb0
your server socket listen backlog is limited to 100 connections
your mercy for graceful operations on workers is 60 seconds
mapped 364520 bytes (355 KB) for 4 cores
*** Operational MODE: preforking ***
WSGI app 0 (mountpoint='') ready in 0 seconds on interpreter 0x5610aafd2bb0 pid: 5607 (default app)
*** uWSGI is running in multiple interpreter mode ***
spawned uWSGI master process (pid: 5607)
spawned uWSGI worker 1 (pid: 5609, cores: 1)
spawned uWSGI worker 2 (pid: 5610, cores: 1)
spawned uWSGI worker 3 (pid: 5611, cores: 1)
spawned uWSGI worker 4 (pid: 5612, cores: 1)
Internal Server Error: /
Traceback (most recent call last):
  File "/home/xiaoxi/xsearch_env/lib/python3.6/site-packages/selenium/webdriver/common/service.py", line 76, in start
    stdin=PIPE)
  File "/usr/lib/python3.6/subprocess.py", line 729, in __init__
    restore_signals, start_new_session)
  File "/usr/lib/python3.6/subprocess.py", line 1364, in _execute_child
    raise child_exception_type(errno_num, err_msg, err_filename)
FileNotFoundError: [Errno 2] No such file or directory: 'chromedriver': 'chromedriver'

During handling of the above exception, another exception occurred:

Traceback (most recent call last):
  File "/home/xiaoxi/xsearch_env/lib/python3.6/site-packages/django/core/handlers/exception.py", line 34, in inner
    response = get_response(request)
  File "/home/xiaoxi/xsearch_env/lib/python3.6/site-packages/django/core/handlers/base.py", line 100, in _get_response
    resolver_match = resolver.resolve(request.path_info)
  File "/home/xiaoxi/xsearch_env/lib/python3.6/site-packages/django/urls/resolvers.py", line 544, in resolve
    for pattern in self.url_patterns:
  File "/home/xiaoxi/xsearch_env/lib/python3.6/site-packages/django/utils/functional.py", line 48, in __get__
    res = instance.__dict__[self.name] = self.func(instance)
  File "/home/xiaoxi/xsearch_env/lib/python3.6/site-packages/django/urls/resolvers.py", line 588, in url_patterns
    patterns = getattr(self.urlconf_module, "urlpatterns", self.urlconf_module)
  File "/home/xiaoxi/xsearch_env/lib/python3.6/site-packages/django/utils/functional.py", line 48, in __get__
    res = instance.__dict__[self.name] = self.func(instance)
  File "/home/xiaoxi/xsearch_env/lib/python3.6/site-packages/django/urls/resolvers.py", line 581, in urlconf_module
    return import_module(self.urlconf_name)
  File "/usr/lib/python3.6/importlib/__init__.py", line 126, in import_module
    return _bootstrap._gcd_import(name[level:], package, level)
  File "<frozen importlib._bootstrap>", line 994, in _gcd_import
  File "<frozen importlib._bootstrap>", line 971, in _find_and_load
  File "<frozen importlib._bootstrap>", line 955, in _find_and_load_unlocked
  File "<frozen importlib._bootstrap>", line 665, in _load_unlocked
  File "<frozen importlib._bootstrap_external>", line 678, in exec_module
  File "<frozen importlib._bootstrap>", line 219, in _call_with_frames_removed
  File "./xx_search/urls.py", line 19, in <module>
    from . import views
  File "./xx_search/views.py", line 2, in <module>
    from .utils import search
  File "./xx_search/utils.py", line 48, in <module>
    driver = webdriver.Chrome(chrome_options=chrome_options)
  File "/home/xiaoxi/xsearch_env/lib/python3.6/site-packages/selenium/webdriver/chrome/webdriver.py", line 73, in __init__
    self.service.start()
  File "/home/xiaoxi/xsearch_env/lib/python3.6/site-packages/selenium/webdriver/common/service.py", line 83, in start
    os.path.basename(self.path), self.start_error_message)
selenium.common.exceptions.WebDriverException: Message: 'chromedriver' executable needs to be in PATH. Please see https://sites.google.com/a/chromium.org/chromedriver/home

[pid: 5612|app: 0|req: 1/1] 127.0.0.1 () {48 vars in 813 bytes} [Sun Apr 19 15:23:43 2020] GET / => generated 182005 bytes in 434 msecs (HTTP/1.1 500) 5 headers in 165 bytes (1 switches on core 0)
Internal Server Error: /favicon.ico
Traceback (most recent call last):
  File "/home/xiaoxi/xsearch_env/lib/python3.6/site-packages/selenium/webdriver/common/service.py", line 76, in start
    stdin=PIPE)
  File "/usr/lib/python3.6/subprocess.py", line 729, in __init__
    restore_signals, start_new_session)
  File "/usr/lib/python3.6/subprocess.py", line 1364, in _execute_child
    raise child_exception_type(errno_num, err_msg, err_filename)
FileNotFoundError: [Errno 2] No such file or directory: 'chromedriver': 'chromedriver'

During handling of the above exception, another exception occurred:

Traceback (most recent call last):
  File "/home/xiaoxi/xsearch_env/lib/python3.6/site-packages/django/core/handlers/exception.py", line 34, in inner
    response = get_response(request)
  File "/home/xiaoxi/xsearch_env/lib/python3.6/site-packages/django/utils/deprecation.py", line 93, in __call__
    response = self.process_request(request)
  File "/home/xiaoxi/xsearch_env/lib/python3.6/site-packages/django/middleware/common.py", line 53, in process_request
    if self.should_redirect_with_slash(request):
  File "/home/xiaoxi/xsearch_env/lib/python3.6/site-packages/django/middleware/common.py", line 71, in should_redirect_with_slash
    not is_valid_path(request.path_info, urlconf) and
  File "/home/xiaoxi/xsearch_env/lib/python3.6/site-packages/django/urls/base.py", line 154, in is_valid_path
    resolve(path, urlconf)
  File "/home/xiaoxi/xsearch_env/lib/python3.6/site-packages/django/urls/base.py", line 25, in resolve
    return get_resolver(urlconf).resolve(path)
  File "/home/xiaoxi/xsearch_env/lib/python3.6/site-packages/django/urls/resolvers.py", line 544, in resolve
    for pattern in self.url_patterns:
  File "/home/xiaoxi/xsearch_env/lib/python3.6/site-packages/django/utils/functional.py", line 48, in __get__
    res = instance.__dict__[self.name] = self.func(instance)
  File "/home/xiaoxi/xsearch_env/lib/python3.6/site-packages/django/urls/resolvers.py", line 588, in url_patterns
    patterns = getattr(self.urlconf_module, "urlpatterns", self.urlconf_module)
  File "/home/xiaoxi/xsearch_env/lib/python3.6/site-packages/django/utils/functional.py", line 48, in __get__
    res = instance.__dict__[self.name] = self.func(instance)
  File "/home/xiaoxi/xsearch_env/lib/python3.6/site-packages/django/urls/resolvers.py", line 581, in urlconf_module
    return import_module(self.urlconf_name)
  File "/usr/lib/python3.6/importlib/__init__.py", line 126, in import_module
    return _bootstrap._gcd_import(name[level:], package, level)
  File "<frozen importlib._bootstrap>", line 994, in _gcd_import
  File "<frozen importlib._bootstrap>", line 971, in _find_and_load
  File "<frozen importlib._bootstrap>", line 955, in _find_and_load_unlocked
  File "<frozen importlib._bootstrap>", line 665, in _load_unlocked
  File "<frozen importlib._bootstrap_external>", line 678, in exec_module
  File "<frozen importlib._bootstrap>", line 219, in _call_with_frames_removed
  File "./xx_search/urls.py", line 19, in <module>
    from . import views
  File "./xx_search/views.py", line 2, in <module>
    from .utils import search
  File "./xx_search/utils.py", line 48, in <module>
    driver = webdriver.Chrome(chrome_options=chrome_options)
  File "/home/xiaoxi/xsearch_env/lib/python3.6/site-packages/selenium/webdriver/chrome/webdriver.py", line 73, in __init__
    self.service.start()
  File "/home/xiaoxi/xsearch_env/lib/python3.6/site-packages/selenium/webdriver/common/service.py", line 83, in start
    os.path.basename(self.path), self.start_error_message)
selenium.common.exceptions.WebDriverException: Message: 'chromedriver' executable needs to be in PATH. Please see https://sites.google.com/a/chromium.org/chromedriver/home

[pid: 5612|app: 0|req: 2/2] 127.0.0.1 () {46 vars in 726 bytes} [Sun Apr 19 15:23:44 2020] GET /favicon.ico => generated 197811 bytes in 131 msecs (HTTP/1.1 500) 3 headers in 110 bytes (1 switches on core 0)
Not Found: /
[pid: 5611|app: 0|req: 1/3] 127.0.0.1 () {50 vars in 844 bytes} [Sun Apr 19 15:26:49 2020] GET / => generated 2763 bytes in 1620 msecs (HTTP/1.1 404) 5 headers in 143 bytes (1 switches on core 0)
Not Found: /favicon.ico
[pid: 5612|app: 0|req: 3/4] 127.0.0.1 () {50 vars in 779 bytes} [Sun Apr 19 15:26:50 2020] GET /favicon.ico => generated 2814 bytes in 1303 msecs (HTTP/1.1 404) 5 headers in 143 bytes (1 switches on core 0)
[pid: 5611|app: 0|req: 2/5] 127.0.0.1 () {48 vars in 821 bytes} [Sun Apr 19 15:26:56 2020] GET /blog => generated 0 bytes in 1 msecs (HTTP/1.1 301) 5 headers in 158 bytes (1 switches on core 0)
[{'title': 'for 30', 'content': '内容内容内容内容内容内容内容内容内容内容内容内容内容内容内容内容内容内容内容内容内容内容内容内容内容内容内容内容内容内容内容内容内容', 'author': 'xiaoxi', 'category': 'Code', 'time': '2020-04-12', 'id': 30}, {'title': 'for 29', 'content': '内容内容内容内容内容内容内容内容内容内容内容内容内容内容内容内容内容内容内容内容内容内容内容内容内容内容内容内容内容内容内容内容内容', 'author': 'xiaoxi', 'category': 'Code', 'time': '2020-04-12', 'id': 29}, {'title': 'for 28', 'content': '内容内容内容内容内容内容内容内容内容内容内容内容内容内容内容内容内容内容内容内容内容内容内容内容内容内容内容内容内容内容内容内容内容', 'author': 'xiaoxi', 'category': 'Code', 'time': '2020-04-12', 'id': 28}, {'title': 'for 27', 'content': '内容内容内容内容内容内容内容内容内容内容内容内容内容内容内容内容内容内容内容内容内容内容内容内容内容内容内容内容内容内容内容内容内容', 'author': 'xiaoxi', 'category': 'Code', 'time': '2020-04-12', 'id': 27}, {'title': 'for 26', 'content': '内容内容内容内容内容内容内容内容内容内容内容内容内容内容内容内容内容内容内容内容内容内容内容内容内容内容内容内容内容内容内容内容内容', 'author': 'xiaoxi', 'category': 'Code', 'time': '2020-04-12', 'id': 26}, {'title': 'for 25', 'content': '内容内容内容内容内容内容内容内容内容内容内容内容内容内容内容内容内容内容内容内容内容内容内容内容内容内容内容内容内容内容内容内容内容', 'author': 'xiaoxi', 'category': 'Code', 'time': '2020-04-12', 'id': 25}, {'title': 'for 24', 'content': '内容内容内容内容内容内容内容内容内容内容内容内容内容内容内容内容内容内容内容内容内容内容内容内容内容内容内容内容内容内容内容内容内容', 'author': 'xiaoxi', 'category': 'Code', 'time': '2020-04-12', 'id': 24}, {'title': 'for 23', 'content': '内容内容内容内容内容内容内容内容内容内容内容内容内容内容内容内容内容内容内容内容内容内容内容内容内容内容内容内容内容内容内容内容内容', 'author': 'xiaoxi', 'category': 'Code', 'time': '2020-04-12', 'id': 23}, 4]
[pid: 5609|app: 0|req: 1/6] 127.0.0.1 () {48 vars in 823 bytes} [Sun Apr 19 15:26:56 2020] GET /blog/ => generated 4035 bytes in 1645 msecs (HTTP/1.1 200) 5 headers in 143 bytes (1 switches on core 0)
[{'title': 'for 30', 'content': '内容内容内容内容内容内容内容内容内容内容内容内容内容内容内容内容内容内容内容内容内容内容内容内容内容内容内容内容内容内容内容内容内容', 'author': 'xiaoxi', 'category': 'Code', 'time': '2020-04-12', 'id': 30}, {'title': 'for 29', 'content': '内容内容内容内容内容内容内容内容内容内容内容内容内容内容内容内容内容内容内容内容内容内容内容内容内容内容内容内容内容内容内容内容内容', 'author': 'xiaoxi', 'category': 'Code', 'time': '2020-04-12', 'id': 29}, {'title': 'for 28', 'content': '内容内容内容内容内容内容内容内容内容内容内容内容内容内容内容内容内容内容内容内容内容内容内容内容内容内容内容内容内容内容内容内容内容', 'author': 'xiaoxi', 'category': 'Code', 'time': '2020-04-12', 'id': 28}, {'title': 'for 27', 'content': '内容内容内容内容内容内容内容内容内容内容内容内容内容内容内容内容内容内容内容内容内容内容内容内容内容内容内容内容内容内容内容内容内容', 'author': 'xiaoxi', 'category': 'Code', 'time': '2020-04-12', 'id': 27}, {'title': 'for 26', 'content': '内容内容内容内容内容内容内容内容内容内容内容内容内容内容内容内容内容内容内容内容内容内容内容内容内容内容内容内容内容内容内容内容内容', 'author': 'xiaoxi', 'category': 'Code', 'time': '2020-04-12', 'id': 26}, {'title': 'for 25', 'content': '内容内容内容内容内容内容内容内容内容内容内容内容内容内容内容内容内容内容内容内容内容内容内容内容内容内容内容内容内容内容内容内容内容', 'author': 'xiaoxi', 'category': 'Code', 'time': '2020-04-12', 'id': 25}, {'title': 'for 24', 'content': '内容内容内容内容内容内容内容内容内容内容内容内容内容内容内容内容内容内容内容内容内容内容内容内容内容内容内容内容内容内容内容内容内容', 'author': 'xiaoxi', 'category': 'Code', 'time': '2020-04-12', 'id': 24}, {'title': 'for 23', 'content': '内容内容内容内容内容内容内容内容内容内容内容内容内容内容内容内容内容内容内容内容内容内容内容内容内容内容内容内容内容内容内容内容内容', 'author': 'xiaoxi', 'category': 'Code', 'time': '2020-04-12', 'id': 23}, 4]
[pid: 5612|app: 0|req: 4/7] 127.0.0.1 () {50 vars in 855 bytes} [Sun Apr 19 15:31:26 2020] GET /blog/ => generated 4035 bytes in 36 msecs (HTTP/1.1 200) 5 headers in 143 bytes (1 switches on core 0)
Not Found: /
[pid: 5612|app: 0|req: 5/8] 127.0.0.1 () {48 vars in 814 bytes} [Sun Apr 19 15:31:29 2020] GET / => generated 2763 bytes in 7 msecs (HTTP/1.1 404) 5 headers in 143 bytes (1 switches on core 0)
Not Found: /
[pid: 5611|app: 0|req: 3/9] 127.0.0.1 () {50 vars in 845 bytes} [Sun Apr 19 15:31:32 2020] GET / => generated 2763 bytes in 5 msecs (HTTP/1.1 404) 5 headers in 143 bytes (1 switches on core 0)
Not Found: /
[pid: 5610|app: 0|req: 1/10] 127.0.0.1 () {50 vars in 845 bytes} [Sun Apr 19 15:31:48 2020] GET / => generated 2763 bytes in 1562 msecs (HTTP/1.1 404) 5 headers in 143 bytes (1 switches on core 0)
Not Found: /
[pid: 5611|app: 0|req: 4/11] 127.0.0.1 () {50 vars in 845 bytes} [Sun Apr 19 15:31:54 2020] GET / => generated 2763 bytes in 7 msecs (HTTP/1.1 404) 5 headers in 143 bytes (1 switches on core 0)
Not Found: /api/blog
[pid: 5612|app: 0|req: 6/12] 127.0.0.1 () {50 vars in 861 bytes} [Sun Apr 19 15:39:34 2020] GET /api/blog => generated 2805 bytes in 10 msecs (HTTP/1.1 404) 5 headers in 143 bytes (1 switches on core 0)
Not Found: /api
[pid: 5611|app: 0|req: 5/13] 127.0.0.1 () {48 vars in 820 bytes} [Sun Apr 19 15:39:46 2020] GET /api => generated 2790 bytes in 8 msecs (HTTP/1.1 404) 5 headers in 143 bytes (1 switches on core 0)
Not Found: /api/blog
[pid: 5611|app: 0|req: 6/14] 127.0.0.1 () {48 vars in 830 bytes} [Sun Apr 19 15:39:50 2020] GET /api/blog => generated 2805 bytes in 8 msecs (HTTP/1.1 404) 5 headers in 143 bytes (1 switches on core 0)
Not Found: /api/blog/
[pid: 5610|app: 0|req: 2/15] 127.0.0.1 () {48 vars in 832 bytes} [Sun Apr 19 15:40:02 2020] GET /api/blog/ => generated 2808 bytes in 5 msecs (HTTP/1.1 404) 5 headers in 143 bytes (1 switches on core 0)
Not Found: /api/blog/
[pid: 5612|app: 0|req: 7/16] 127.0.0.1 () {50 vars in 863 bytes} [Sun Apr 19 15:41:31 2020] GET /api/blog/ => generated 2808 bytes in 8 msecs (HTTP/1.1 404) 5 headers in 143 bytes (1 switches on core 0)
Not Found: /api/blog/
[pid: 5612|app: 0|req: 8/17] 127.0.0.1 () {50 vars in 863 bytes} [Sun Apr 19 15:41:32 2020] GET /api/blog/ => generated 2808 bytes in 5 msecs (HTTP/1.1 404) 5 headers in 143 bytes (1 switches on core 0)
Not Found: /api/blog/
[pid: 5612|app: 0|req: 9/18] 127.0.0.1 () {50 vars in 863 bytes} [Sun Apr 19 15:41:32 2020] GET /api/blog/ => generated 2808 bytes in 7 msecs (HTTP/1.1 404) 5 headers in 143 bytes (1 switches on core 0)
Not Found: /api/blog/
[pid: 5612|app: 0|req: 10/19] 127.0.0.1 () {50 vars in 863 bytes} [Sun Apr 19 15:41:32 2020] GET /api/blog/ => generated 2808 bytes in 4 msecs (HTTP/1.1 404) 5 headers in 143 bytes (1 switches on core 0)
Not Found: /api/blog/
[pid: 5611|app: 0|req: 7/20] 127.0.0.1 () {50 vars in 863 bytes} [Sun Apr 19 15:41:32 2020] GET /api/blog/ => generated 2808 bytes in 4 msecs (HTTP/1.1 404) 5 headers in 143 bytes (1 switches on core 0)
Not Found: /api/blog/
[pid: 5612|app: 0|req: 11/21] 127.0.0.1 () {50 vars in 863 bytes} [Sun Apr 19 15:41:33 2020] GET /api/blog/ => generated 2808 bytes in 4 msecs (HTTP/1.1 404) 5 headers in 143 bytes (1 switches on core 0)
Not Found: /api/blog/
[pid: 5612|app: 0|req: 12/22] 127.0.0.1 () {50 vars in 863 bytes} [Sun Apr 19 15:41:43 2020] GET /api/blog/ => generated 2808 bytes in 5 msecs (HTTP/1.1 404) 5 headers in 143 bytes (1 switches on core 0)
Not Found: /api/blog/
[pid: 5611|app: 0|req: 8/23] 127.0.0.1 () {50 vars in 863 bytes} [Sun Apr 19 15:41:43 2020] GET /api/blog/ => generated 2808 bytes in 4 msecs (HTTP/1.1 404) 5 headers in 143 bytes (1 switches on core 0)
Not Found: /api/blog/
[pid: 5611|app: 0|req: 9/24] 127.0.0.1 () {50 vars in 863 bytes} [Sun Apr 19 15:41:44 2020] GET /api/blog/ => generated 2808 bytes in 7 msecs (HTTP/1.1 404) 5 headers in 143 bytes (1 switches on core 0)
Not Found: /api/blog/
[pid: 5611|app: 0|req: 10/25] 127.0.0.1 () {50 vars in 863 bytes} [Sun Apr 19 15:41:45 2020] GET /api/blog/ => generated 2808 bytes in 4 msecs (HTTP/1.1 404) 5 headers in 143 bytes (1 switches on core 0)
Not Found: /api/blog/
[pid: 5611|app: 0|req: 11/26] 127.0.0.1 () {50 vars in 863 bytes} [Sun Apr 19 15:41:45 2020] GET /api/blog/ => generated 2808 bytes in 4 msecs (HTTP/1.1 404) 5 headers in 143 bytes (1 switches on core 0)
Not Found: /api/blog/
[pid: 5611|app: 0|req: 12/27] 127.0.0.1 () {50 vars in 863 bytes} [Sun Apr 19 15:41:46 2020] GET /api/blog/ => generated 2808 bytes in 4 msecs (HTTP/1.1 404) 5 headers in 143 bytes (1 switches on core 0)
...gracefully killing workers...
Gracefully killing worker 1 (pid: 5609)...
Gracefully killing worker 4 (pid: 5612)...
Gracefully killing worker 2 (pid: 5610)...
Gracefully killing worker 3 (pid: 5611)...
worker 1 buried after 1 seconds
worker 2 buried after 1 seconds
worker 3 buried after 1 seconds
worker 4 buried after 1 seconds
binary reloading uWSGI...
chdir() to /home/xiaoxi
closing all non-uwsgi socket fds > 2 (max_fd = 1024)...
found fd 3 mapped to socket 0 (127.0.0.1:8001)
running /home/xiaoxi/.local/bin/uwsgi
[uWSGI] getting INI configuration from /home/xiaoxi/xsearch_uwsgi/xsearch.ini
*** Starting uWSGI 2.0.18 (64bit) on [Sun Apr 19 15:43:22 2020] ***
compiled with version: 7.5.0 on 18 April 2020 17:35:10
os: Linux-5.3.0-46-generic #38~18.04.1-Ubuntu SMP Tue Mar 31 04:17:56 UTC 2020
nodename: xiaoxi-K45VD
machine: x86_64
clock source: unix
detected number of CPU cores: 4
current working directory: /home/xiaoxi
detected binary path: /home/xiaoxi/.local/bin/uwsgi
!!! no internal routing support, rebuild with pcre support !!!
chdir() to /home/xiaoxi/xx_search
your processes number limit is 15099
your memory page size is 4096 bytes
 *** WARNING: you have enabled harakiri without post buffering. Slow upload could be rejected on post-unbuffered webservers *** 
detected max file descriptor number: 1024
lock engine: pthread robust mutexes
thunder lock: disabled (you can enable it with --thunder-lock)
uwsgi socket 0 inherited INET address 127.0.0.1:8001 fd 3
Python version: 3.6.9 (default, Nov  7 2019, 10:44:02)  [GCC 8.3.0]
PEP 405 virtualenv detected: /home/xiaoxi/xsearch_env
Set PythonHome to /home/xiaoxi/xsearch_env
*** Python threads support is disabled. You can enable it with --enable-threads ***
Python main interpreter initialized at 0x5579ba187530
your server socket listen backlog is limited to 100 connections
your mercy for graceful operations on workers is 60 seconds
mapped 364520 bytes (355 KB) for 4 cores
*** Operational MODE: preforking ***
WSGI app 0 (mountpoint='') ready in 0 seconds on interpreter 0x5579ba187530 pid: 5607 (default app)
*** uWSGI is running in multiple interpreter mode ***
gracefully (RE)spawned uWSGI master process (pid: 5607)
spawned uWSGI worker 1 (pid: 6701, cores: 1)
spawned uWSGI worker 2 (pid: 6702, cores: 1)
spawned uWSGI worker 3 (pid: 6703, cores: 1)
spawned uWSGI worker 4 (pid: 6704, cores: 1)
[{'title': 'for 30', 'content': '内容内容内容内容内容内容内容内容内容内容内容内容内容内容内容内容内容内容内容内容内容内容内容内容内容内容内容内容内容内容内容内容内容', 'author': 'xiaoxi', 'category': 'Code', 'time': '2020-04-12', 'id': 30}, {'title': 'for 29', 'content': '内容内容内容内容内容内容内容内容内容内容内容内容内容内容内容内容内容内容内容内容内容内容内容内容内容内容内容内容内容内容内容内容内容', 'author': 'xiaoxi', 'category': 'Code', 'time': '2020-04-12', 'id': 29}, {'title': 'for 28', 'content': '内容内容内容内容内容内容内容内容内容内容内容内容内容内容内容内容内容内容内容内容内容内容内容内容内容内容内容内容内容内容内容内容内容', 'author': 'xiaoxi', 'category': 'Code', 'time': '2020-04-12', 'id': 28}, {'title': 'for 27', 'content': '内容内容内容内容内容内容内容内容内容内容内容内容内容内容内容内容内容内容内容内容内容内容内容内容内容内容内容内容内容内容内容内容内容', 'author': 'xiaoxi', 'category': 'Code', 'time': '2020-04-12', 'id': 27}, {'title': 'for 26', 'content': '内容内容内容内容内容内容内容内容内容内容内容内容内容内容内容内容内容内容内容内容内容内容内容内容内容内容内容内容内容内容内容内容内容', 'author': 'xiaoxi', 'category': 'Code', 'time': '2020-04-12', 'id': 26}, {'title': 'for 25', 'content': '内容内容内容内容内容内容内容内容内容内容内容内容内容内容内容内容内容内容内容内容内容内容内容内容内容内容内容内容内容内容内容内容内容', 'author': 'xiaoxi', 'category': 'Code', 'time': '2020-04-12', 'id': 25}, {'title': 'for 24', 'content': '内容内容内容内容内容内容内容内容内容内容内容内容内容内容内容内容内容内容内容内容内容内容内容内容内容内容内容内容内容内容内容内容内容', 'author': 'xiaoxi', 'category': 'Code', 'time': '2020-04-12', 'id': 24}, {'title': 'for 23', 'content': '内容内容内容内容内容内容内容内容内容内容内容内容内容内容内容内容内容内容内容内容内容内容内容内容内容内容内容内容内容内容内容内容内容', 'author': 'xiaoxi', 'category': 'Code', 'time': '2020-04-12', 'id': 23}, 4]
[pid: 6702|app: 0|req: 1/1] 127.0.0.1 () {50 vars in 863 bytes} [Sun Apr 19 15:43:26 2020] GET /api/blog/ => generated 4035 bytes in 1578 msecs (HTTP/1.1 200) 5 headers in 143 bytes (1 switches on core 0)
[{'title': 'for 30', 'content': '内容内容内容内容内容内容内容内容内容内容内容内容内容内容内容内容内容内容内容内容内容内容内容内容内容内容内容内容内容内容内容内容内容', 'author': 'xiaoxi', 'category': 'Code', 'time': '2020-04-12', 'id': 30}, {'title': 'for 29', 'content': '内容内容内容内容内容内容内容内容内容内容内容内容内容内容内容内容内容内容内容内容内容内容内容内容内容内容内容内容内容内容内容内容内容', 'author': 'xiaoxi', 'category': 'Code', 'time': '2020-04-12', 'id': 29}, {'title': 'for 28', 'content': '内容内容内容内容内容内容内容内容内容内容内容内容内容内容内容内容内容内容内容内容内容内容内容内容内容内容内容内容内容内容内容内容内容', 'author': 'xiaoxi', 'category': 'Code', 'time': '2020-04-12', 'id': 28}, {'title': 'for 27', 'content': '内容内容内容内容内容内容内容内容内容内容内容内容内容内容内容内容内容内容内容内容内容内容内容内容内容内容内容内容内容内容内容内容内容', 'author': 'xiaoxi', 'category': 'Code', 'time': '2020-04-12', 'id': 27}, {'title': 'for 26', 'content': '内容内容内容内容内容内容内容内容内容内容内容内容内容内容内容内容内容内容内容内容内容内容内容内容内容内容内容内容内容内容内容内容内容', 'author': 'xiaoxi', 'category': 'Code', 'time': '2020-04-12', 'id': 26}, {'title': 'for 25', 'content': '内容内容内容内容内容内容内容内容内容内容内容内容内容内容内容内容内容内容内容内容内容内容内容内容内容内容内容内容内容内容内容内容内容', 'author': 'xiaoxi', 'category': 'Code', 'time': '2020-04-12', 'id': 25}, {'title': 'for 24', 'content': '内容内容内容内容内容内容内容内容内容内容内容内容内容内容内容内容内容内容内容内容内容内容内容内容内容内容内容内容内容内容内容内容内容', 'author': 'xiaoxi', 'category': 'Code', 'time': '2020-04-12', 'id': 24}, {'title': 'for 23', 'content': '内容内容内容内容内容内容内容内容内容内容内容内容内容内容内容内容内容内容内容内容内容内容内容内容内容内容内容内容内容内容内容内容内容', 'author': 'xiaoxi', 'category': 'Code', 'time': '2020-04-12', 'id': 23}, 4]
[pid: 6704|app: 0|req: 1/2] 127.0.0.1 () {50 vars in 863 bytes} [Sun Apr 19 15:51:19 2020] GET /api/blog/ => generated 4035 bytes in 1712 msecs (HTTP/1.1 200) 5 headers in 143 bytes (1 switches on core 0)
[pid: 6702|app: 0|req: 2/3] 127.0.0.1 () {50 vars in 854 bytes} [Sun Apr 19 15:51:23 2020] GET /api/blog => generated 0 bytes in 1 msecs (HTTP/1.1 301) 5 headers in 162 bytes (1 switches on core 0)
[{'title': 'for 30', 'content': '内容内容内容内容内容内容内容内容内容内容内容内容内容内容内容内容内容内容内容内容内容内容内容内容内容内容内容内容内容内容内容内容内容', 'author': 'xiaoxi', 'category': 'Code', 'time': '2020-04-12', 'id': 30}, {'title': 'for 29', 'content': '内容内容内容内容内容内容内容内容内容内容内容内容内容内容内容内容内容内容内容内容内容内容内容内容内容内容内容内容内容内容内容内容内容', 'author': 'xiaoxi', 'category': 'Code', 'time': '2020-04-12', 'id': 29}, {'title': 'for 28', 'content': '内容内容内容内容内容内容内容内容内容内容内容内容内容内容内容内容内容内容内容内容内容内容内容内容内容内容内容内容内容内容内容内容内容', 'author': 'xiaoxi', 'category': 'Code', 'time': '2020-04-12', 'id': 28}, {'title': 'for 27', 'content': '内容内容内容内容内容内容内容内容内容内容内容内容内容内容内容内容内容内容内容内容内容内容内容内容内容内容内容内容内容内容内容内容内容', 'author': 'xiaoxi', 'category': 'Code', 'time': '2020-04-12', 'id': 27}, {'title': 'for 26', 'content': '内容内容内容内容内容内容内容内容内容内容内容内容内容内容内容内容内容内容内容内容内容内容内容内容内容内容内容内容内容内容内容内容内容', 'author': 'xiaoxi', 'category': 'Code', 'time': '2020-04-12', 'id': 26}, {'title': 'for 25', 'content': '内容内容内容内容内容内容内容内容内容内容内容内容内容内容内容内容内容内容内容内容内容内容内容内容内容内容内容内容内容内容内容内容内容', 'author': 'xiaoxi', 'category': 'Code', 'time': '2020-04-12', 'id': 25}, {'title': 'for 24', 'content': '内容内容内容内容内容内容内容内容内容内容内容内容内容内容内容内容内容内容内容内容内容内容内容内容内容内容内容内容内容内容内容内容内容', 'author': 'xiaoxi', 'category': 'Code', 'time': '2020-04-12', 'id': 24}, {'title': 'for 23', 'content': '内容内容内容内容内容内容内容内容内容内容内容内容内容内容内容内容内容内容内容内容内容内容内容内容内容内容内容内容内容内容内容内容内容', 'author': 'xiaoxi', 'category': 'Code', 'time': '2020-04-12', 'id': 23}, 4]
[pid: 6703|app: 0|req: 1/4] 127.0.0.1 () {46 vars in 727 bytes} [Sun Apr 19 15:53:28 2020] GET /api/blog/?page=1 => generated 4035 bytes in 1819 msecs (HTTP/1.1 200) 5 headers in 143 bytes (1 switches on core 0)
/home/xiaoxi/xsearch_env/lib/python3.6/site-packages/django/core/cache/backends/base.py:253: CacheKeyWarning: Cache key contains characters that will cause errors if used with memcached: ':1:token_[object Object]'
  'used with memcached: %r' % key, CacheKeyWarning
Unauthorized: /api/do_something/
[pid: 6703|app: 0|req: 2/5] 127.0.0.1 () {52 vars in 824 bytes} [Sun Apr 19 15:53:48 2020] POST /api/do_something/ => generated 25 bytes in 12 msecs (HTTP/1.1 401) 9 headers in 293 bytes (1 switches on core 0)
[pid: 6702|app: 0|req: 3/6] 127.0.0.1 () {52 vars in 934 bytes} [Sun Apr 19 15:53:54 2020] POST /api/login/ => generated 75 bytes in 179 msecs (HTTP/1.1 200) 8 headers in 258 bytes (1 switches on core 0)
[{'title': 'for 30', 'content': '内容内容内容内容内容内容内容内容内容内容内容内容内容内容内容内容内容内容内容内容内容内容内容内容内容内容内容内容内容内容内容内容内容', 'author': 'xiaoxi', 'category': 'Code', 'time': '2020-04-12', 'id': 30}, {'title': 'for 29', 'content': '内容内容内容内容内容内容内容内容内容内容内容内容内容内容内容内容内容内容内容内容内容内容内容内容内容内容内容内容内容内容内容内容内容', 'author': 'xiaoxi', 'category': 'Code', 'time': '2020-04-12', 'id': 29}, {'title': 'for 28', 'content': '内容内容内容内容内容内容内容内容内容内容内容内容内容内容内容内容内容内容内容内容内容内容内容内容内容内容内容内容内容内容内容内容内容', 'author': 'xiaoxi', 'category': 'Code', 'time': '2020-04-12', 'id': 28}, {'title': 'for 27', 'content': '内容内容内容内容内容内容内容内容内容内容内容内容内容内容内容内容内容内容内容内容内容内容内容内容内容内容内容内容内容内容内容内容内容', 'author': 'xiaoxi', 'category': 'Code', 'time': '2020-04-12', 'id': 27}, {'title': 'for 26', 'content': '内容内容内容内容内容内容内容内容内容内容内容内容内容内容内容内容内容内容内容内容内容内容内容内容内容内容内容内容内容内容内容内容内容', 'author': 'xiaoxi', 'category': 'Code', 'time': '2020-04-12', 'id': 26}, {'title': 'for 25', 'content': '内容内容内容内容内容内容内容内容内容内容内容内容内容内容内容内容内容内容内容内容内容内容内容内容内容内容内容内容内容内容内容内容内容', 'author': 'xiaoxi', 'category': 'Code', 'time': '2020-04-12', 'id': 25}, {'title': 'for 24', 'content': '内容内容内容内容内容内容内容内容内容内容内容内容内容内容内容内容内容内容内容内容内容内容内容内容内容内容内容内容内容内容内容内容内容', 'author': 'xiaoxi', 'category': 'Code', 'time': '2020-04-12', 'id': 24}, {'title': 'for 23', 'content': '内容内容内容内容内容内容内容内容内容内容内容内容内容内容内容内容内容内容内容内容内容内容内容内容内容内容内容内容内容内容内容内容内容', 'author': 'xiaoxi', 'category': 'Code', 'time': '2020-04-12', 'id': 23}, 4]
[pid: 6704|app: 0|req: 2/7] 127.0.0.1 () {46 vars in 727 bytes} [Sun Apr 19 15:53:55 2020] GET /api/blog/?page=1 => generated 4035 bytes in 51 msecs (HTTP/1.1 200) 5 headers in 143 bytes (1 switches on core 0)
[{'title': 'for 30', 'content': '内容内容内容内容内容内容内容内容内容内容内容内容内容内容内容内容内容内容内容内容内容内容内容内容内容内容内容内容内容内容内容内容内容', 'author': 'xiaoxi', 'category': 'Code', 'time': '2020-04-12', 'id': 30}, {'title': 'for 29', 'content': '内容内容内容内容内容内容内容内容内容内容内容内容内容内容内容内容内容内容内容内容内容内容内容内容内容内容内容内容内容内容内容内容内容', 'author': 'xiaoxi', 'category': 'Code', 'time': '2020-04-12', 'id': 29}, {'title': 'for 28', 'content': '内容内容内容内容内容内容内容内容内容内容内容内容内容内容内容内容内容内容内容内容内容内容内容内容内容内容内容内容内容内容内容内容内容', 'author': 'xiaoxi', 'category': 'Code', 'time': '2020-04-12', 'id': 28}, {'title': 'for 27', 'content': '内容内容内容内容内容内容内容内容内容内容内容内容内容内容内容内容内容内容内容内容内容内容内容内容内容内容内容内容内容内容内容内容内容', 'author': 'xiaoxi', 'category': 'Code', 'time': '2020-04-12', 'id': 27}, {'title': 'for 26', 'content': '内容内容内容内容内容内容内容内容内容内容内容内容内容内容内容内容内容内容内容内容内容内容内容内容内容内容内容内容内容内容内容内容内容', 'author': 'xiaoxi', 'category': 'Code', 'time': '2020-04-12', 'id': 26}, {'title': 'for 25', 'content': '内容内容内容内容内容内容内容内容内容内容内容内容内容内容内容内容内容内容内容内容内容内容内容内容内容内容内容内容内容内容内容内容内容', 'author': 'xiaoxi', 'category': 'Code', 'time': '2020-04-12', 'id': 25}, {'title': 'for 24', 'content': '内容内容内容内容内容内容内容内容内容内容内容内容内容内容内容内容内容内容内容内容内容内容内容内容内容内容内容内容内容内容内容内容内容', 'author': 'xiaoxi', 'category': 'Code', 'time': '2020-04-12', 'id': 24}, {'title': 'for 23', 'content': '内容内容内容内容内容内容内容内容内容内容内容内容内容内容内容内容内容内容内容内容内容内容内容内容内容内容内容内容内容内容内容内容内容', 'author': 'xiaoxi', 'category': 'Code', 'time': '2020-04-12', 'id': 23}, 4]
[pid: 6703|app: 0|req: 3/8] 127.0.0.1 () {46 vars in 727 bytes} [Sun Apr 19 15:53:55 2020] GET /api/blog/?page=1 => generated 4035 bytes in 45 msecs (HTTP/1.1 200) 5 headers in 143 bytes (1 switches on core 0)
java
百度 {'Java | Oracle': ['现在就开始使用 Java... Java 与您, 立即下载 免费Java 下载  » 什么是 Java? » 我有Java 吗? » 是否需要帮助? 所有Java 下载 关于Java (英语站点)...', 'http://www.baidu.com/link?url=Jc6gMeVTivFszsiH_xRdjL2YWURtBNAgInOSUyyn0jW'], 'Java SE - Downloads | Oracle Technology Network | Oracle': ['Java SE downloads including: Java Development Kit (JDK), Server Java Runtime Environment (Server JRE), and Java Runtime Environment (JRE).', 'http://www.baidu.com/link?url=_Op50SPISSXVMIYb71A80TZV4U5lQ3TSpfVzfyNVurKR-1TL74_Wwwatf_3AOAsVqi9lGLvGxRZ4JNli5Ad1vPOAtxHn-b7G_cRUnrkEwtG'], 'Java 教程 | 菜鸟教程': ['Java 教程 Java 是由Sun Microsystems公司于1995年5月推出的高级程序设计语言。 Java可运行于多个平台,如Windows, Mac OS,及其他多种UNIX版本的系统。 本教程通过...', 'http://www.baidu.com/link?url=GK8meQhSSy1YbVUvJR5MH05EkNPiTt_NB769hBYOqD49bzbEPM0H557fCtpVbGOG2CHp_z9V7CjjU6z-Z2erS_'], 'Java(计算机编程语言)_百度百科': ['2020年3月26日\xa0-\xa0Java是一门面向对象编程语言,不仅吸收了C++语言的各种优点,还摒弃了C++里难以理解的多继承、指针等概念,因此Java语言具有功能强大和简单易用两个特征...', 'http://www.baidu.com/link?url=WgBTAuGC3hioe8IzxNjR_ZgI5g71o0NmDKLYRbJw9a8PKRSFu8TjjHZKJwgcQuF_W1gEWA-gFMFDSRLffBoBDq'], 'Java SE Development Kit 8 - Downloads': ['Download JDK 8, a development environment for building applications and components using the Java programming language.', 'http://www.baidu.com/link?url=qH0KJVUBht1EhrrU26bz4FVHDQgmX9-JM6ImFgkTdCBE8I2no3q2wg2CNSgPsp7cedF4IKP2EKkoQBuYLrXAiNEwXrVD4SQsWe0VEqFsT4auEj1vLA8D3Nw3fNkzWoe_'], 'Java0基础教程——java的安装': ['2020年4月4日\xa0-\xa05、在弹出的对话框中的变量名输入框中输入:JAVA_HOME,在变量值输入框中输入jdk的安装路径,如:D:\\jdk8,图中变量值为我的安装路径,和您的未必一样,此处请填写...', 'http://www.baidu.com/link?url=nK0vMJTD8ieqqyGEmZyZJx602gSF6_LpWZE0tWRXwKp6zxiz2EdqShEmeGS4rCVQpScOPcGAj_IL3uyYqfu6KaM06E1wjO9_mMB_cvFspfq'], 'Java 简介 | 菜鸟教程': ['Java 简介 Java是由Sun Microsystems公司于1995年5月推出的Java面向对象程序设计语言和Java平台的总称。由James Gosling和同事们共同研发,并在1995年正式推出。 Java...', 'http://www.baidu.com/link?url=TaFaq1FdzhEZ6M5b9LK59b1e5vj9cK754ImUyBtvE2QwIyPC7k3WJ-SIk57UlYfd4dgx4b56ATMhovFXShR8B_'], '下载免费的 Java 软件': ['2020年1月14日\xa0-\xa0本页是您下载或更新现有 Java 运行时环境(JRE、Java 运行时)的地方,Java 运行时环境也称为 Java 插件、Java 虚拟机(JVM、VM 和 Java VM)。', 'http://www.baidu.com/link?url=LiYAfdMFM3q_xDDV7NKM7jMVcH7bDdEuVB3eTmyyDrA5ujq1J5Dqgjzzng_fSe2C']}
360 {'java.com: Java 与您': 'https://www.so.com/link?m=ap2KGt1jAhXlQKCD4wA8gH4Rikt4Tm6t0ynt6nNMp5FfH6X2%2B7IAnH5WdO5j6scDAObO12hcSSpVk8i9JKI%2BLrIjbqXIuDpskdl8weQ%3D%3D', 'Java JDK_电脑版最新官方版下载_ZOL软件下载': 'https://www.so.com/link?m=aug0xnhnbTHQVcLwfIz1%2BJNwoL%2FPVYPLcdTTIoA8m2sG01NZLOe3HIpJw523gKaTtkkaqKsGXTJ9MCArutSJiGySRVDmPP1ssLEzP5z31owgD8A4JCTuVHP27ffNnE0FBmxpg3Q7Ktcus9LLAu3vh3g%3D%3D', 'java_360百科': 'https://baike.so.com/doc/2886868-3046592.html', 'Java软件|Java语言|Java开发工具 - ZOL软件下载': 'https://www.so.com/link?m=aioMiKTRJldI4Ojr1crLv3ee7fUgvAs3gmHmaoqIOCT%2FPy6WZhmvb4stnpkQsAWgpBiXCVIJF%2F6SQnPeP%2FIzimAonlvMlNaqyUbKUal%2F9lMpc74FLUZ%2FypYtMaOGG4fSI%2FmkHWIegnltP3OlvyxjbzGtK6ew%3D', 'Java 教程| 菜鸟教程': 'https://www.so.com/link?m=aT6G3XNXRJbAcCVmHpq5ZJaZ1W%2BynS4UxjAMW8XbmfycTSPIBOjOM8Q2CiIJP%2B%2FgOxamy%2FW%2BhBXzOusjzUuKUpRO2sYnf%2FxWRPLWUcnaD1QyJMxGqCp%2BAGIX1ieB8BTFzyt3UFA%3D%3D', 'Java | Oracle': 'https://www.so.com/link?m=a%2Bzj995saK6r%2F32LY1CkuHQpQCOBWmYU%2Fy7w8VRUtiZ7VMybxiGTXAgQdn7gdimHWfiGnPqfzcK4pDp%2BNWt5vs7feEHCdsYduwn546Ik8fZIS45c3', 'java相关资讯': 'https://www.so.com/link?m=ao3m2mhlkaoacqgUFqVsD3xD5zR7A49GsOrvudS6sL35AIeTSLD%2BFRTY8INTaguGUztJdG3S%2FVKXfKm3MdV7g9WL7Iocm21sLojcbpGXgwokX9T9powL7RtenvtRL8SRl4%2BihfTx5E0aFZIdw7TJQefvBAaHrItnNQWXgD50STl7kDx%2FNX4NCVqtWKrFFi2pTq88pMRjcHMUQHKrc4F4RxhMnZJjSW7keAo0oYA%3D%3D', 'java正式版下载_安全下载java正式版_2234软件站': 'https://www.so.com/link?m=a5YnoAUjNgn1exzlzFd2%2BOKe5bxXz%2BnNnPYshhbQZxyxEDbWcZyIbxRCjc33OlZwLfoNWJC4O%2Fnv3vJ25G6UCbiu%2FaZNulcPI%2F%2B%2Bn4Wfd74wERlqGvKvUYVEASistz057', 'Java下载32位-Java下载32位通用版官方下载[开发工具]-天极下载': 'https://www.so.com/link?m=a3VvG7bk8p2pO0mBhIh9RgyzbhRNehbPoXodBG%2F9dkbPqBRVBGuh2PMjkJ5AT2mD6%2BB8pb8FflEkwNEnMe1hepsEARkJEezUglx5fbA%2FU3DD5C87QP62jz0OkoIYlnIs34v8U6Q%3D%3D', 'java正式版下载_安全下载java正式版_5119软件站': 'https://www.so.com/link?m=a%2FMO1eYawfKw4Czq2HjRi0s%2BkFkH%2FTq1ASg60uvfV2ipJ8BG0XzYU1Tj%2FYqoXNQgmHk1PRquoJJgcCDqloxj1yysQiefEFWzcjVIR9DpW7aYzbzns%2B8%2BWWsu%2BXkYVK2hg', 'java，15年远程授课经验，80万学员选择达内': 'http://e.so.com/search/eclk?p=0356lAGA2ZHAH3QZ8F7ZPCBs8SpmiBWlyR4kRazdoW1nk3HQh1ZFW_g60pOv6LyHrC4mSTCvtKHwuGqsT8b830QXUU4VSt4NvsKI3t_eJs7bJZg7RChwENeI-swA0YkJ0LeA1xQbauBH1YcRHzqB9xpcyHjmBtbtWe9QkFyw7CkXKMTBE8Raaa5jp0gVT-IHqyj1lQNuq_V48M6EkVneWZbRqobcLUzCMp4sFfYck-aPxcA1DsJwiJCXLrxjhUxUVnYbAB7te9IodTPaaHNhiZ4W4X9zdgPGkQjBbDeYvzJhzWJgLJXFoEPjOwWr46N7zmdUFzBhWC3JZudYK92942Qvz9QgmmyWlgDRzjm8t8IoDfBUfqG6kXgrAariDm0uLtlsDxDwYQEvLY0gQ4ltEvZchSqrZPOpI1Q6hnQl_05OTw2Tb70EmAeTV4ezs6uIfcOeJDHZjTXJ_xoc3qE_j7AqKxkJTetzTmLuRevOA6IjC-OlYzAahAnwRNNy_jHgPZC72frQkd9MY5TnS-Hso2VSD801KBuhXwSpLedM1VgJCW68SFks0-seZJaLvM_rHThHIohCJPE&ns=0&v=2&at=AWphdmEC77yMMTXlubTov5znqIvmjojor77nu4_pqozvvIw4MOS4h-WtpuWRmOmAieaLqei-vuWGhQ&aurl=aHR0cDovL3d3dy50ZWR1LmNuL2p0eG10L2RiL3p0L2phdmEvP1RBUkVOQV9kYnEtbG4tMzYwVEctUEMtU1MtamF2YS1rYy0zMDcyNzY3NTIxLTAwMi0xOTAyMjg0MzQ4NjItamF2YS1jbG1jX1RBUkVOQUB5aW5nZGJhJmVmdD1uZXdz&sig=0648&bt=1', '达内教育,一站式java职业教育,4个月转型java工程师': 'http://e.so.com/search/eclk?p=888cApBri30bvbst8AtoKK2ly7Y9hXWC7nZ4HrtSP4mpo257ntCqVT2n6i53ciB1XQAq-NkRBrseGfwGg_Y4aXTDlSpyQRnZktraARfU3N3sKu-rfJGgH5tNFNulGXvTia7acm1FG-DQYqdxefA40gF5YLj0GbzDm8Hq_zS76xMNLVZeoqiOKkelsV5Qqfd_zCcEnWX9HBQ2byhk-ZMLs1GlkCT_THElbYY16cQQtsTtqPsjCcZXb8BadWxFFYgEqQZ40f14e_JtaPb6r9NOxkb7w4-8nKuqddGe8OPDaHrrv0cDw9Wo3CVnpinbqbX4-UtIug_OqxWqbRWZQlLZ9EWC8gct9yN8aarZoUlLLXMIXc0_WoaHMQbuXdNSkzSn8tDWQy5RjKNEjeIo-vPzQQvYgtmUx76OuHZsPX0F4Mi4TfgmUlD8ttP3G566tsYwbCbCt39IzIbGWpKBid-5lpr0ox-khM8TXNx2IgQr2AmJkvOGpuQ3EFwikU5SSIdQSTBBzcVUOr1yzlFcd4sEP4IaqrOa_wwnArPIRc5Lo6IUYGTpWjpyUORX62MqfFFzQOiswPoul8gY&ns=0&v=2&at=6L6-5YaF5pWZ6IKyLOS4gOermeW8jwFqYXZhAuiBjOS4muaVmeiCsiw05Liq5pyI6L2s5Z6LAWphdmEC5bel56iL5biI&aurl=aHR0cDovL2RiLnRlZHUuY24vbm5zZW0vamF2YS0yLz9UQVJFTkFfZGJxLWRiLTM2MFRHLVBDLVNTLWphdmEta2MtMzA3Mjc2NzUyMy0wNDktMTkwMzI2NDI2MjQ2LWphdmEtY2xtY19UQVJFTkFAeWluZ2RiYiZlZnQ9bmV3cw&sig=02e2&bt=1', 'java？学安卓就选达内,上市公司，有实力!': 'http://e.so.com/search/eclk?p=ef20etOW1quv4OGLt3ososjxEewD8cGaAJ1Tjie0m-HDeFDwuUgTIvvHdObk2y8JXouke0AMSkrKPK2NI4-yZI4VfOuYyKVr0lC4BQ2TxQ458eX4Q56h1NUCmLwDODwE3D0ywKWlbMlI4008n2M63-xHEftMLKIOPjaTi4PCnYQEs7MsA9GFIUNkiPB7417lERyyQj5avGh41W43oH7hVN_rQCZlIfQlxp6RnN0yWjj4bzYfFxVj2hjDSN_4Os60JmJRjW4Li3RBvYkmwFW5plhKEGRem7ZdmYBiNmxgAjm6olgwSogyhGAHUIqDH4ll_wG2vUbC9E2rCtYOHpExz9EIPGh3u3nHSctVupkK6eWdXVuDXfEA_qDYC7ocgycLx_DKy1H_DEUrdzKNfk3eJSc5XnvcbHQ3zAIdHCq_d2yJSWltg8SYdDfTiGGN1dh7ROhFJf80tZR_mZbAs9RyD3-VGZLTPf6ASg41Du72aoOR64Yq6R7UxHRAF1_Dp0ZgDrLk8gnKLiqOLU8EUfAjOM0Ario2aVGlBG7TIh8R-dQg775mQ0cK4v_EvmkCWTrSPX0tbSvNNrk&ns=0&v=2&at=AWphdmEC77yf5a2m5a6J5Y2T5bCx6YCJ6L6-5YaFLOS4iuW4guWFrOWPuO-8jOacieWunuWKmyE&aurl=aHR0cDovL3d3dy50ZWR1LmNuL2p0eG10L2RiL3p0L2phdmEvP1RBUkVOQV9kYnEtZGItMzYwVEctUEMtU1MtamF2YS1rYy0zMTI4MDA5NTY5LTA0OS0yMDAzMDU0MjYyNDYtamF2YS1jbG1jX1RBUkVOQUB5aW5nZGJkJmVmdD1uZXdzJnR5YmgtdG9uZw&sig=45d8&bt=1'}
百度=> JavaOracle
360=> javacomJava与您
360=> JavaJDK电脑版最新官方版下载ZOL软件下载
360=> java360百科
360=> Java软件Java语言Java开发工具ZOL软件下载
360=> Java教程菜鸟教程
360=> JavaOracle
360=> java相关资讯
360=> java正式版下载安全下载java正式版2234软件站
360=> Java下载32位Java下载32位通用版官方下载开发工具天极下载
360=> java正式版下载安全下载java正式版5119软件站
360=> java15年远程授课经验80万学员选择达内
360=> 达内教育一站式java职业教育4个月转型java工程师
360=> java学安卓就选达内上市公司有实力
百度=> JavaSEDownloadsOracleTechnologyNetworkOracle
360=> javacomJava与您
360=> JavaJDK电脑版最新官方版下载ZOL软件下载
360=> java360百科
360=> Java软件Java语言Java开发工具ZOL软件下载
360=> Java教程菜鸟教程
360=> JavaOracle
360=> java相关资讯
360=> java正式版下载安全下载java正式版2234软件站
360=> Java下载32位Java下载32位通用版官方下载开发工具天极下载
360=> java正式版下载安全下载java正式版5119软件站
360=> java15年远程授课经验80万学员选择达内
360=> 达内教育一站式java职业教育4个月转型java工程师
360=> java学安卓就选达内上市公司有实力
百度=> Java教程菜鸟教程
360=> javacomJava与您
360=> JavaJDK电脑版最新官方版下载ZOL软件下载
360=> java360百科
360=> Java软件Java语言Java开发工具ZOL软件下载
360=> Java教程菜鸟教程
360=> JavaOracle
360=> java相关资讯
360=> java正式版下载安全下载java正式版2234软件站
360=> Java下载32位Java下载32位通用版官方下载开发工具天极下载
360=> java正式版下载安全下载java正式版5119软件站
360=> java15年远程授课经验80万学员选择达内
360=> 达内教育一站式java职业教育4个月转型java工程师
360=> java学安卓就选达内上市公司有实力
百度=> Java计算机编程语言百度百科
360=> javacomJava与您
360=> JavaJDK电脑版最新官方版下载ZOL软件下载
360=> java360百科
360=> Java软件Java语言Java开发工具ZOL软件下载
360=> Java教程菜鸟教程
360=> JavaOracle
360=> java相关资讯
360=> java正式版下载安全下载java正式版2234软件站
360=> Java下载32位Java下载32位通用版官方下载开发工具天极下载
360=> java正式版下载安全下载java正式版5119软件站
360=> java15年远程授课经验80万学员选择达内
360=> 达内教育一站式java职业教育4个月转型java工程师
360=> java学安卓就选达内上市公司有实力
百度=> JavaSEDevelopmentKit8Downloads
360=> javacomJava与您
360=> JavaJDK电脑版最新官方版下载ZOL软件下载
360=> java360百科
360=> Java软件Java语言Java开发工具ZOL软件下载
360=> Java教程菜鸟教程
360=> JavaOracle
360=> java相关资讯
360=> java正式版下载安全下载java正式版2234软件站
360=> Java下载32位Java下载32位通用版官方下载开发工具天极下载
360=> java正式版下载安全下载java正式版5119软件站
360=> java15年远程授课经验80万学员选择达内
360=> 达内教育一站式java职业教育4个月转型java工程师
360=> java学安卓就选达内上市公司有实力
百度=> Java0基础教程java的安装
360=> javacomJava与您
360=> JavaJDK电脑版最新官方版下载ZOL软件下载
360=> java360百科
360=> Java软件Java语言Java开发工具ZOL软件下载
360=> Java教程菜鸟教程
360=> JavaOracle
360=> java相关资讯
360=> java正式版下载安全下载java正式版2234软件站
360=> Java下载32位Java下载32位通用版官方下载开发工具天极下载
360=> java正式版下载安全下载java正式版5119软件站
360=> java15年远程授课经验80万学员选择达内
360=> 达内教育一站式java职业教育4个月转型java工程师
360=> java学安卓就选达内上市公司有实力
百度=> Java简介菜鸟教程
360=> javacomJava与您
360=> JavaJDK电脑版最新官方版下载ZOL软件下载
360=> java360百科
360=> Java软件Java语言Java开发工具ZOL软件下载
360=> Java教程菜鸟教程
360=> JavaOracle
360=> java相关资讯
360=> java正式版下载安全下载java正式版2234软件站
360=> Java下载32位Java下载32位通用版官方下载开发工具天极下载
360=> java正式版下载安全下载java正式版5119软件站
360=> java15年远程授课经验80万学员选择达内
360=> 达内教育一站式java职业教育4个月转型java工程师
360=> java学安卓就选达内上市公司有实力
百度=> 下载免费的Java软件
360=> javacomJava与您
360=> JavaJDK电脑版最新官方版下载ZOL软件下载
360=> java360百科
360=> Java软件Java语言Java开发工具ZOL软件下载
360=> Java教程菜鸟教程
360=> JavaOracle
360=> java相关资讯
360=> java正式版下载安全下载java正式版2234软件站
360=> Java下载32位Java下载32位通用版官方下载开发工具天极下载
360=> java正式版下载安全下载java正式版5119软件站
360=> java15年远程授课经验80万学员选择达内
360=> 达内教育一站式java职业教育4个月转型java工程师
360=> java学安卓就选达内上市公司有实力
结果 {'url': 'https://www.runoob.com/java/java-tutorial.html', 'description': 'Java 教程 Java 是由Sun Microsystems公司于1995年5月推出的高级程序设计语言。 Java可运行于多个平台,如Windows, Mac OS,及其他多种UNIX版本的系统。 本教程通过...', 'title': 'Java 教程 | 菜鸟教程'}
[pid: 6704|app: 0|req: 3/9] 127.0.0.1 () {46 vars in 739 bytes} [Sun Apr 19 15:54:04 2020] GET /api/search?search=java => generated 471 bytes in 6012 msecs (HTTP/1.1 200) 5 headers in 142 bytes (1 switches on core 0)
[{'title': 'for 30', 'content': '内容内容内容内容内容内容内容内容内容内容内容内容内容内容内容内容内容内容内容内容内容内容内容内容内容内容内容内容内容内容内容内容内容', 'author': 'xiaoxi', 'category': 'Code', 'time': '2020-04-12', 'id': 30}, {'title': 'for 29', 'content': '内容内容内容内容内容内容内容内容内容内容内容内容内容内容内容内容内容内容内容内容内容内容内容内容内容内容内容内容内容内容内容内容内容', 'author': 'xiaoxi', 'category': 'Code', 'time': '2020-04-12', 'id': 29}, {'title': 'for 28', 'content': '内容内容内容内容内容内容内容内容内容内容内容内容内容内容内容内容内容内容内容内容内容内容内容内容内容内容内容内容内容内容内容内容内容', 'author': 'xiaoxi', 'category': 'Code', 'time': '2020-04-12', 'id': 28}, {'title': 'for 27', 'content': '内容内容内容内容内容内容内容内容内容内容内容内容内容内容内容内容内容内容内容内容内容内容内容内容内容内容内容内容内容内容内容内容内容', 'author': 'xiaoxi', 'category': 'Code', 'time': '2020-04-12', 'id': 27}, {'title': 'for 26', 'content': '内容内容内容内容内容内容内容内容内容内容内容内容内容内容内容内容内容内容内容内容内容内容内容内容内容内容内容内容内容内容内容内容内容', 'author': 'xiaoxi', 'category': 'Code', 'time': '2020-04-12', 'id': 26}, {'title': 'for 25', 'content': '内容内容内容内容内容内容内容内容内容内容内容内容内容内容内容内容内容内容内容内容内容内容内容内容内容内容内容内容内容内容内容内容内容', 'author': 'xiaoxi', 'category': 'Code', 'time': '2020-04-12', 'id': 25}, {'title': 'for 24', 'content': '内容内容内容内容内容内容内容内容内容内容内容内容内容内容内容内容内容内容内容内容内容内容内容内容内容内容内容内容内容内容内容内容内容', 'author': 'xiaoxi', 'category': 'Code', 'time': '2020-04-12', 'id': 24}, {'title': 'for 23', 'content': '内容内容内容内容内容内容内容内容内容内容内容内容内容内容内容内容内容内容内容内容内容内容内容内容内容内容内容内容内容内容内容内容内容', 'author': 'xiaoxi', 'category': 'Code', 'time': '2020-04-12', 'id': 23}, 4]
[pid: 6702|app: 0|req: 4/10] 127.0.0.1 () {46 vars in 727 bytes} [Sun Apr 19 15:55:35 2020] GET /api/blog/?page=1 => generated 4035 bytes in 29 msecs (HTTP/1.1 200) 5 headers in 143 bytes (1 switches on core 0)
[{'title': 'for 30', 'content': '内容内容内容内容内容内容内容内容内容内容内容内容内容内容内容内容内容内容内容内容内容内容内容内容内容内容内容内容内容内容内容内容内容', 'author': 'xiaoxi', 'category': 'Code', 'time': '2020-04-12', 'id': 30}, {'title': 'for 29', 'content': '内容内容内容内容内容内容内容内容内容内容内容内容内容内容内容内容内容内容内容内容内容内容内容内容内容内容内容内容内容内容内容内容内容', 'author': 'xiaoxi', 'category': 'Code', 'time': '2020-04-12', 'id': 29}, {'title': 'for 28', 'content': '内容内容内容内容内容内容内容内容内容内容内容内容内容内容内容内容内容内容内容内容内容内容内容内容内容内容内容内容内容内容内容内容内容', 'author': 'xiaoxi', 'category': 'Code', 'time': '2020-04-12', 'id': 28}, {'title': 'for 27', 'content': '内容内容内容内容内容内容内容内容内容内容内容内容内容内容内容内容内容内容内容内容内容内容内容内容内容内容内容内容内容内容内容内容内容', 'author': 'xiaoxi', 'category': 'Code', 'time': '2020-04-12', 'id': 27}, {'title': 'for 26', 'content': '内容内容内容内容内容内容内容内容内容内容内容内容内容内容内容内容内容内容内容内容内容内容内容内容内容内容内容内容内容内容内容内容内容', 'author': 'xiaoxi', 'category': 'Code', 'time': '2020-04-12', 'id': 26}, {'title': 'for 25', 'content': '内容内容内容内容内容内容内容内容内容内容内容内容内容内容内容内容内容内容内容内容内容内容内容内容内容内容内容内容内容内容内容内容内容', 'author': 'xiaoxi', 'category': 'Code', 'time': '2020-04-12', 'id': 25}, {'title': 'for 24', 'content': '内容内容内容内容内容内容内容内容内容内容内容内容内容内容内容内容内容内容内容内容内容内容内容内容内容内容内容内容内容内容内容内容内容', 'author': 'xiaoxi', 'category': 'Code', 'time': '2020-04-12', 'id': 24}, {'title': 'for 23', 'content': '内容内容内容内容内容内容内容内容内容内容内容内容内容内容内容内容内容内容内容内容内容内容内容内容内容内容内容内容内容内容内容内容内容', 'author': 'xiaoxi', 'category': 'Code', 'time': '2020-04-12', 'id': 23}, 4]
[pid: 6704|app: 0|req: 4/11] 127.0.0.1 () {46 vars in 727 bytes} [Sun Apr 19 15:55:37 2020] GET /api/blog/?page=1 => generated 4035 bytes in 36 msecs (HTTP/1.1 200) 5 headers in 143 bytes (1 switches on core 0)
[{'title': 'for 30', 'content': '内容内容内容内容内容内容内容内容内容内容内容内容内容内容内容内容内容内容内容内容内容内容内容内容内容内容内容内容内容内容内容内容内容', 'author': 'xiaoxi', 'category': 'Code', 'time': '2020-04-12', 'id': 30}, {'title': 'for 29', 'content': '内容内容内容内容内容内容内容内容内容内容内容内容内容内容内容内容内容内容内容内容内容内容内容内容内容内容内容内容内容内容内容内容内容', 'author': 'xiaoxi', 'category': 'Code', 'time': '2020-04-12', 'id': 29}, {'title': 'for 28', 'content': '内容内容内容内容内容内容内容内容内容内容内容内容内容内容内容内容内容内容内容内容内容内容内容内容内容内容内容内容内容内容内容内容内容', 'author': 'xiaoxi', 'category': 'Code', 'time': '2020-04-12', 'id': 28}, {'title': 'for 27', 'content': '内容内容内容内容内容内容内容内容内容内容内容内容内容内容内容内容内容内容内容内容内容内容内容内容内容内容内容内容内容内容内容内容内容', 'author': 'xiaoxi', 'category': 'Code', 'time': '2020-04-12', 'id': 27}, {'title': 'for 26', 'content': '内容内容内容内容内容内容内容内容内容内容内容内容内容内容内容内容内容内容内容内容内容内容内容内容内容内容内容内容内容内容内容内容内容', 'author': 'xiaoxi', 'category': 'Code', 'time': '2020-04-12', 'id': 26}, {'title': 'for 25', 'content': '内容内容内容内容内容内容内容内容内容内容内容内容内容内容内容内容内容内容内容内容内容内容内容内容内容内容内容内容内容内容内容内容内容', 'author': 'xiaoxi', 'category': 'Code', 'time': '2020-04-12', 'id': 25}, {'title': 'for 24', 'content': '内容内容内容内容内容内容内容内容内容内容内容内容内容内容内容内容内容内容内容内容内容内容内容内容内容内容内容内容内容内容内容内容内容', 'author': 'xiaoxi', 'category': 'Code', 'time': '2020-04-12', 'id': 24}, {'title': 'for 23', 'content': '内容内容内容内容内容内容内容内容内容内容内容内容内容内容内容内容内容内容内容内容内容内容内容内容内容内容内容内容内容内容内容内容内容', 'author': 'xiaoxi', 'category': 'Code', 'time': '2020-04-12', 'id': 23}, 4]
[pid: 6703|app: 0|req: 4/12] 127.0.0.1 () {46 vars in 727 bytes} [Sun Apr 19 15:55:39 2020] GET /api/blog/?page=1 => generated 4035 bytes in 39 msecs (HTTP/1.1 200) 5 headers in 143 bytes (1 switches on core 0)
[{'title': 'for 30', 'content': '内容内容内容内容内容内容内容内容内容内容内容内容内容内容内容内容内容内容内容内容内容内容内容内容内容内容内容内容内容内容内容内容内容', 'author': 'xiaoxi', 'category': 'Code', 'time': '2020-04-12', 'id': 30}, {'title': 'for 29', 'content': '内容内容内容内容内容内容内容内容内容内容内容内容内容内容内容内容内容内容内容内容内容内容内容内容内容内容内容内容内容内容内容内容内容', 'author': 'xiaoxi', 'category': 'Code', 'time': '2020-04-12', 'id': 29}, {'title': 'for 28', 'content': '内容内容内容内容内容内容内容内容内容内容内容内容内容内容内容内容内容内容内容内容内容内容内容内容内容内容内容内容内容内容内容内容内容', 'author': 'xiaoxi', 'category': 'Code', 'time': '2020-04-12', 'id': 28}, {'title': 'for 27', 'content': '内容内容内容内容内容内容内容内容内容内容内容内容内容内容内容内容内容内容内容内容内容内容内容内容内容内容内容内容内容内容内容内容内容', 'author': 'xiaoxi', 'category': 'Code', 'time': '2020-04-12', 'id': 27}, {'title': 'for 26', 'content': '内容内容内容内容内容内容内容内容内容内容内容内容内容内容内容内容内容内容内容内容内容内容内容内容内容内容内容内容内容内容内容内容内容', 'author': 'xiaoxi', 'category': 'Code', 'time': '2020-04-12', 'id': 26}, {'title': 'for 25', 'content': '内容内容内容内容内容内容内容内容内容内容内容内容内容内容内容内容内容内容内容内容内容内容内容内容内容内容内容内容内容内容内容内容内容', 'author': 'xiaoxi', 'category': 'Code', 'time': '2020-04-12', 'id': 25}, {'title': 'for 24', 'content': '内容内容内容内容内容内容内容内容内容内容内容内容内容内容内容内容内容内容内容内容内容内容内容内容内容内容内容内容内容内容内容内容内容', 'author': 'xiaoxi', 'category': 'Code', 'time': '2020-04-12', 'id': 24}, {'title': 'for 23', 'content': '内容内容内容内容内容内容内容内容内容内容内容内容内容内容内容内容内容内容内容内容内容内容内容内容内容内容内容内容内容内容内容内容内容', 'author': 'xiaoxi', 'category': 'Code', 'time': '2020-04-12', 'id': 23}, 4]
[pid: 6701|app: 0|req: 1/13] 127.0.0.1 () {46 vars in 727 bytes} [Sun Apr 19 15:55:40 2020] GET /api/blog/?page=1 => generated 4035 bytes in 1678 msecs (HTTP/1.1 200) 5 headers in 143 bytes (1 switches on core 0)
[{'title': 'for 30', 'content': '内容内容内容内容内容内容内容内容内容内容内容内容内容内容内容内容内容内容内容内容内容内容内容内容内容内容内容内容内容内容内容内容内容', 'author': 'xiaoxi', 'category': 'Code', 'time': '2020-04-12', 'id': 30}, {'title': 'for 29', 'content': '内容内容内容内容内容内容内容内容内容内容内容内容内容内容内容内容内容内容内容内容内容内容内容内容内容内容内容内容内容内容内容内容内容', 'author': 'xiaoxi', 'category': 'Code', 'time': '2020-04-12', 'id': 29}, {'title': 'for 28', 'content': '内容内容内容内容内容内容内容内容内容内容内容内容内容内容内容内容内容内容内容内容内容内容内容内容内容内容内容内容内容内容内容内容内容', 'author': 'xiaoxi', 'category': 'Code', 'time': '2020-04-12', 'id': 28}, {'title': 'for 27', 'content': '内容内容内容内容内容内容内容内容内容内容内容内容内容内容内容内容内容内容内容内容内容内容内容内容内容内容内容内容内容内容内容内容内容', 'author': 'xiaoxi', 'category': 'Code', 'time': '2020-04-12', 'id': 27}, {'title': 'for 26', 'content': '内容内容内容内容内容内容内容内容内容内容内容内容内容内容内容内容内容内容内容内容内容内容内容内容内容内容内容内容内容内容内容内容内容', 'author': 'xiaoxi', 'category': 'Code', 'time': '2020-04-12', 'id': 26}, {'title': 'for 25', 'content': '内容内容内容内容内容内容内容内容内容内容内容内容内容内容内容内容内容内容内容内容内容内容内容内容内容内容内容内容内容内容内容内容内容', 'author': 'xiaoxi', 'category': 'Code', 'time': '2020-04-12', 'id': 25}, {'title': 'for 24', 'content': '内容内容内容内容内容内容内容内容内容内容内容内容内容内容内容内容内容内容内容内容内容内容内容内容内容内容内容内容内容内容内容内容内容', 'author': 'xiaoxi', 'category': 'Code', 'time': '2020-04-12', 'id': 24}, {'title': 'for 23', 'content': '内容内容内容内容内容内容内容内容内容内容内容内容内容内容内容内容内容内容内容内容内容内容内容内容内容内容内容内容内容内容内容内容内容', 'author': 'xiaoxi', 'category': 'Code', 'time': '2020-04-12', 'id': 23}, 4]
[pid: 6704|app: 0|req: 5/14] 127.0.0.1 () {46 vars in 727 bytes} [Sun Apr 19 15:55:41 2020] GET /api/blog/?page=1 => generated 4035 bytes in 31 msecs (HTTP/1.1 200) 5 headers in 143 bytes (1 switches on core 0)
[{'title': 'for 30', 'content': '内容内容内容内容内容内容内容内容内容内容内容内容内容内容内容内容内容内容内容内容内容内容内容内容内容内容内容内容内容内容内容内容内容', 'author': 'xiaoxi', 'category': 'Code', 'time': '2020-04-12', 'id': 30}, {'title': 'for 29', 'content': '内容内容内容内容内容内容内容内容内容内容内容内容内容内容内容内容内容内容内容内容内容内容内容内容内容内容内容内容内容内容内容内容内容', 'author': 'xiaoxi', 'category': 'Code', 'time': '2020-04-12', 'id': 29}, {'title': 'for 28', 'content': '内容内容内容内容内容内容内容内容内容内容内容内容内容内容内容内容内容内容内容内容内容内容内容内容内容内容内容内容内容内容内容内容内容', 'author': 'xiaoxi', 'category': 'Code', 'time': '2020-04-12', 'id': 28}, {'title': 'for 27', 'content': '内容内容内容内容内容内容内容内容内容内容内容内容内容内容内容内容内容内容内容内容内容内容内容内容内容内容内容内容内容内容内容内容内容', 'author': 'xiaoxi', 'category': 'Code', 'time': '2020-04-12', 'id': 27}, {'title': 'for 26', 'content': '内容内容内容内容内容内容内容内容内容内容内容内容内容内容内容内容内容内容内容内容内容内容内容内容内容内容内容内容内容内容内容内容内容', 'author': 'xiaoxi', 'category': 'Code', 'time': '2020-04-12', 'id': 26}, {'title': 'for 25', 'content': '内容内容内容内容内容内容内容内容内容内容内容内容内容内容内容内容内容内容内容内容内容内容内容内容内容内容内容内容内容内容内容内容内容', 'author': 'xiaoxi', 'category': 'Code', 'time': '2020-04-12', 'id': 25}, {'title': 'for 24', 'content': '内容内容内容内容内容内容内容内容内容内容内容内容内容内容内容内容内容内容内容内容内容内容内容内容内容内容内容内容内容内容内容内容内容', 'author': 'xiaoxi', 'category': 'Code', 'time': '2020-04-12', 'id': 24}, {'title': 'for 23', 'content': '内容内容内容内容内容内容内容内容内容内容内容内容内容内容内容内容内容内容内容内容内容内容内容内容内容内容内容内容内容内容内容内容内容', 'author': 'xiaoxi', 'category': 'Code', 'time': '2020-04-12', 'id': 23}, 4]
[pid: 6704|app: 0|req: 6/15] 127.0.0.1 () {46 vars in 727 bytes} [Sun Apr 19 15:55:42 2020] GET /api/blog/?page=1 => generated 4035 bytes in 34 msecs (HTTP/1.1 200) 5 headers in 143 bytes (1 switches on core 0)
[{'title': 'for 30', 'content': '内容内容内容内容内容内容内容内容内容内容内容内容内容内容内容内容内容内容内容内容内容内容内容内容内容内容内容内容内容内容内容内容内容', 'author': 'xiaoxi', 'category': 'Code', 'time': '2020-04-12', 'id': 30}, {'title': 'for 29', 'content': '内容内容内容内容内容内容内容内容内容内容内容内容内容内容内容内容内容内容内容内容内容内容内容内容内容内容内容内容内容内容内容内容内容', 'author': 'xiaoxi', 'category': 'Code', 'time': '2020-04-12', 'id': 29}, {'title': 'for 28', 'content': '内容内容内容内容内容内容内容内容内容内容内容内容内容内容内容内容内容内容内容内容内容内容内容内容内容内容内容内容内容内容内容内容内容', 'author': 'xiaoxi', 'category': 'Code', 'time': '2020-04-12', 'id': 28}, {'title': 'for 27', 'content': '内容内容内容内容内容内容内容内容内容内容内容内容内容内容内容内容内容内容内容内容内容内容内容内容内容内容内容内容内容内容内容内容内容', 'author': 'xiaoxi', 'category': 'Code', 'time': '2020-04-12', 'id': 27}, {'title': 'for 26', 'content': '内容内容内容内容内容内容内容内容内容内容内容内容内容内容内容内容内容内容内容内容内容内容内容内容内容内容内容内容内容内容内容内容内容', 'author': 'xiaoxi', 'category': 'Code', 'time': '2020-04-12', 'id': 26}, {'title': 'for 25', 'content': '内容内容内容内容内容内容内容内容内容内容内容内容内容内容内容内容内容内容内容内容内容内容内容内容内容内容内容内容内容内容内容内容内容', 'author': 'xiaoxi', 'category': 'Code', 'time': '2020-04-12', 'id': 25}, {'title': 'for 24', 'content': '内容内容内容内容内容内容内容内容内容内容内容内容内容内容内容内容内容内容内容内容内容内容内容内容内容内容内容内容内容内容内容内容内容', 'author': 'xiaoxi', 'category': 'Code', 'time': '2020-04-12', 'id': 24}, {'title': 'for 23', 'content': '内容内容内容内容内容内容内容内容内容内容内容内容内容内容内容内容内容内容内容内容内容内容内容内容内容内容内容内容内容内容内容内容内容', 'author': 'xiaoxi', 'category': 'Code', 'time': '2020-04-12', 'id': 23}, 4]
[pid: 6703|app: 0|req: 5/16] 127.0.0.1 () {46 vars in 727 bytes} [Sun Apr 19 15:55:42 2020] GET /api/blog/?page=1 => generated 4035 bytes in 27 msecs (HTTP/1.1 200) 5 headers in 143 bytes (1 switches on core 0)
[{'title': 'for 30', 'content': '内容内容内容内容内容内容内容内容内容内容内容内容内容内容内容内容内容内容内容内容内容内容内容内容内容内容内容内容内容内容内容内容内容', 'author': 'xiaoxi', 'category': 'Code', 'time': '2020-04-12', 'id': 30}, {'title': 'for 29', 'content': '内容内容内容内容内容内容内容内容内容内容内容内容内容内容内容内容内容内容内容内容内容内容内容内容内容内容内容内容内容内容内容内容内容', 'author': 'xiaoxi', 'category': 'Code', 'time': '2020-04-12', 'id': 29}, {'title': 'for 28', 'content': '内容内容内容内容内容内容内容内容内容内容内容内容内容内容内容内容内容内容内容内容内容内容内容内容内容内容内容内容内容内容内容内容内容', 'author': 'xiaoxi', 'category': 'Code', 'time': '2020-04-12', 'id': 28}, {'title': 'for 27', 'content': '内容内容内容内容内容内容内容内容内容内容内容内容内容内容内容内容内容内容内容内容内容内容内容内容内容内容内容内容内容内容内容内容内容', 'author': 'xiaoxi', 'category': 'Code', 'time': '2020-04-12', 'id': 27}, {'title': 'for 26', 'content': '内容内容内容内容内容内容内容内容内容内容内容内容内容内容内容内容内容内容内容内容内容内容内容内容内容内容内容内容内容内容内容内容内容', 'author': 'xiaoxi', 'category': 'Code', 'time': '2020-04-12', 'id': 26}, {'title': 'for 25', 'content': '内容内容内容内容内容内容内容内容内容内容内容内容内容内容内容内容内容内容内容内容内容内容内容内容内容内容内容内容内容内容内容内容内容', 'author': 'xiaoxi', 'category': 'Code', 'time': '2020-04-12', 'id': 25}, {'title': 'for 24', 'content': '内容内容内容内容内容内容内容内容内容内容内容内容内容内容内容内容内容内容内容内容内容内容内容内容内容内容内容内容内容内容内容内容内容', 'author': 'xiaoxi', 'category': 'Code', 'time': '2020-04-12', 'id': 24}, {'title': 'for 23', 'content': '内容内容内容内容内容内容内容内容内容内容内容内容内容内容内容内容内容内容内容内容内容内容内容内容内容内容内容内容内容内容内容内容内容', 'author': 'xiaoxi', 'category': 'Code', 'time': '2020-04-12', 'id': 23}, 4]
[pid: 6704|app: 0|req: 7/17] 127.0.0.1 () {46 vars in 727 bytes} [Sun Apr 19 15:55:43 2020] GET /api/blog/?page=1 => generated 4035 bytes in 28 msecs (HTTP/1.1 200) 5 headers in 143 bytes (1 switches on core 0)
[{'title': 'for 30', 'content': '内容内容内容内容内容内容内容内容内容内容内容内容内容内容内容内容内容内容内容内容内容内容内容内容内容内容内容内容内容内容内容内容内容', 'author': 'xiaoxi', 'category': 'Code', 'time': '2020-04-12', 'id': 30}, {'title': 'for 29', 'content': '内容内容内容内容内容内容内容内容内容内容内容内容内容内容内容内容内容内容内容内容内容内容内容内容内容内容内容内容内容内容内容内容内容', 'author': 'xiaoxi', 'category': 'Code', 'time': '2020-04-12', 'id': 29}, {'title': 'for 28', 'content': '内容内容内容内容内容内容内容内容内容内容内容内容内容内容内容内容内容内容内容内容内容内容内容内容内容内容内容内容内容内容内容内容内容', 'author': 'xiaoxi', 'category': 'Code', 'time': '2020-04-12', 'id': 28}, {'title': 'for 27', 'content': '内容内容内容内容内容内容内容内容内容内容内容内容内容内容内容内容内容内容内容内容内容内容内容内容内容内容内容内容内容内容内容内容内容', 'author': 'xiaoxi', 'category': 'Code', 'time': '2020-04-12', 'id': 27}, {'title': 'for 26', 'content': '内容内容内容内容内容内容内容内容内容内容内容内容内容内容内容内容内容内容内容内容内容内容内容内容内容内容内容内容内容内容内容内容内容', 'author': 'xiaoxi', 'category': 'Code', 'time': '2020-04-12', 'id': 26}, {'title': 'for 25', 'content': '内容内容内容内容内容内容内容内容内容内容内容内容内容内容内容内容内容内容内容内容内容内容内容内容内容内容内容内容内容内容内容内容内容', 'author': 'xiaoxi', 'category': 'Code', 'time': '2020-04-12', 'id': 25}, {'title': 'for 24', 'content': '内容内容内容内容内容内容内容内容内容内容内容内容内容内容内容内容内容内容内容内容内容内容内容内容内容内容内容内容内容内容内容内容内容', 'author': 'xiaoxi', 'category': 'Code', 'time': '2020-04-12', 'id': 24}, {'title': 'for 23', 'content': '内容内容内容内容内容内容内容内容内容内容内容内容内容内容内容内容内容内容内容内容内容内容内容内容内容内容内容内容内容内容内容内容内容', 'author': 'xiaoxi', 'category': 'Code', 'time': '2020-04-12', 'id': 23}, 4]
[pid: 6704|app: 0|req: 8/18] 127.0.0.1 () {46 vars in 727 bytes} [Sun Apr 19 15:55:44 2020] GET /api/blog/?page=1 => generated 4035 bytes in 33 msecs (HTTP/1.1 200) 5 headers in 143 bytes (1 switches on core 0)
[{'title': 'for 30', 'content': '内容内容内容内容内容内容内容内容内容内容内容内容内容内容内容内容内容内容内容内容内容内容内容内容内容内容内容内容内容内容内容内容内容', 'author': 'xiaoxi', 'category': 'Code', 'time': '2020-04-12', 'id': 30}, {'title': 'for 29', 'content': '内容内容内容内容内容内容内容内容内容内容内容内容内容内容内容内容内容内容内容内容内容内容内容内容内容内容内容内容内容内容内容内容内容', 'author': 'xiaoxi', 'category': 'Code', 'time': '2020-04-12', 'id': 29}, {'title': 'for 28', 'content': '内容内容内容内容内容内容内容内容内容内容内容内容内容内容内容内容内容内容内容内容内容内容内容内容内容内容内容内容内容内容内容内容内容', 'author': 'xiaoxi', 'category': 'Code', 'time': '2020-04-12', 'id': 28}, {'title': 'for 27', 'content': '内容内容内容内容内容内容内容内容内容内容内容内容内容内容内容内容内容内容内容内容内容内容内容内容内容内容内容内容内容内容内容内容内容', 'author': 'xiaoxi', 'category': 'Code', 'time': '2020-04-12', 'id': 27}, {'title': 'for 26', 'content': '内容内容内容内容内容内容内容内容内容内容内容内容内容内容内容内容内容内容内容内容内容内容内容内容内容内容内容内容内容内容内容内容内容', 'author': 'xiaoxi', 'category': 'Code', 'time': '2020-04-12', 'id': 26}, {'title': 'for 25', 'content': '内容内容内容内容内容内容内容内容内容内容内容内容内容内容内容内容内容内容内容内容内容内容内容内容内容内容内容内容内容内容内容内容内容', 'author': 'xiaoxi', 'category': 'Code', 'time': '2020-04-12', 'id': 25}, {'title': 'for 24', 'content': '内容内容内容内容内容内容内容内容内容内容内容内容内容内容内容内容内容内容内容内容内容内容内容内容内容内容内容内容内容内容内容内容内容', 'author': 'xiaoxi', 'category': 'Code', 'time': '2020-04-12', 'id': 24}, {'title': 'for 23', 'content': '内容内容内容内容内容内容内容内容内容内容内容内容内容内容内容内容内容内容内容内容内容内容内容内容内容内容内容内容内容内容内容内容内容', 'author': 'xiaoxi', 'category': 'Code', 'time': '2020-04-12', 'id': 23}, 4]
[pid: 6704|app: 0|req: 9/19] 127.0.0.1 () {46 vars in 727 bytes} [Sun Apr 19 15:55:45 2020] GET /api/blog/?page=1 => generated 4035 bytes in 32 msecs (HTTP/1.1 200) 5 headers in 143 bytes (1 switches on core 0)
[{'title': 'for 30', 'content': '内容内容内容内容内容内容内容内容内容内容内容内容内容内容内容内容内容内容内容内容内容内容内容内容内容内容内容内容内容内容内容内容内容', 'author': 'xiaoxi', 'category': 'Code', 'time': '2020-04-12', 'id': 30}, {'title': 'for 29', 'content': '内容内容内容内容内容内容内容内容内容内容内容内容内容内容内容内容内容内容内容内容内容内容内容内容内容内容内容内容内容内容内容内容内容', 'author': 'xiaoxi', 'category': 'Code', 'time': '2020-04-12', 'id': 29}, {'title': 'for 28', 'content': '内容内容内容内容内容内容内容内容内容内容内容内容内容内容内容内容内容内容内容内容内容内容内容内容内容内容内容内容内容内容内容内容内容', 'author': 'xiaoxi', 'category': 'Code', 'time': '2020-04-12', 'id': 28}, {'title': 'for 27', 'content': '内容内容内容内容内容内容内容内容内容内容内容内容内容内容内容内容内容内容内容内容内容内容内容内容内容内容内容内容内容内容内容内容内容', 'author': 'xiaoxi', 'category': 'Code', 'time': '2020-04-12', 'id': 27}, {'title': 'for 26', 'content': '内容内容内容内容内容内容内容内容内容内容内容内容内容内容内容内容内容内容内容内容内容内容内容内容内容内容内容内容内容内容内容内容内容', 'author': 'xiaoxi', 'category': 'Code', 'time': '2020-04-12', 'id': 26}, {'title': 'for 25', 'content': '内容内容内容内容内容内容内容内容内容内容内容内容内容内容内容内容内容内容内容内容内容内容内容内容内容内容内容内容内容内容内容内容内容', 'author': 'xiaoxi', 'category': 'Code', 'time': '2020-04-12', 'id': 25}, {'title': 'for 24', 'content': '内容内容内容内容内容内容内容内容内容内容内容内容内容内容内容内容内容内容内容内容内容内容内容内容内容内容内容内容内容内容内容内容内容', 'author': 'xiaoxi', 'category': 'Code', 'time': '2020-04-12', 'id': 24}, {'title': 'for 23', 'content': '内容内容内容内容内容内容内容内容内容内容内容内容内容内容内容内容内容内容内容内容内容内容内容内容内容内容内容内容内容内容内容内容内容', 'author': 'xiaoxi', 'category': 'Code', 'time': '2020-04-12', 'id': 23}, 4]
[pid: 6704|app: 0|req: 10/20] 127.0.0.1 () {46 vars in 727 bytes} [Sun Apr 19 15:55:46 2020] GET /api/blog/?page=1 => generated 4035 bytes in 30 msecs (HTTP/1.1 200) 5 headers in 143 bytes (1 switches on core 0)
[{'title': 'for 30', 'content': '内容内容内容内容内容内容内容内容内容内容内容内容内容内容内容内容内容内容内容内容内容内容内容内容内容内容内容内容内容内容内容内容内容', 'author': 'xiaoxi', 'category': 'Code', 'time': '2020-04-12', 'id': 30}, {'title': 'for 29', 'content': '内容内容内容内容内容内容内容内容内容内容内容内容内容内容内容内容内容内容内容内容内容内容内容内容内容内容内容内容内容内容内容内容内容', 'author': 'xiaoxi', 'category': 'Code', 'time': '2020-04-12', 'id': 29}, {'title': 'for 28', 'content': '内容内容内容内容内容内容内容内容内容内容内容内容内容内容内容内容内容内容内容内容内容内容内容内容内容内容内容内容内容内容内容内容内容', 'author': 'xiaoxi', 'category': 'Code', 'time': '2020-04-12', 'id': 28}, {'title': 'for 27', 'content': '内容内容内容内容内容内容内容内容内容内容内容内容内容内容内容内容内容内容内容内容内容内容内容内容内容内容内容内容内容内容内容内容内容', 'author': 'xiaoxi', 'category': 'Code', 'time': '2020-04-12', 'id': 27}, {'title': 'for 26', 'content': '内容内容内容内容内容内容内容内容内容内容内容内容内容内容内容内容内容内容内容内容内容内容内容内容内容内容内容内容内容内容内容内容内容', 'author': 'xiaoxi', 'category': 'Code', 'time': '2020-04-12', 'id': 26}, {'title': 'for 25', 'content': '内容内容内容内容内容内容内容内容内容内容内容内容内容内容内容内容内容内容内容内容内容内容内容内容内容内容内容内容内容内容内容内容内容', 'author': 'xiaoxi', 'category': 'Code', 'time': '2020-04-12', 'id': 25}, {'title': 'for 24', 'content': '内容内容内容内容内容内容内容内容内容内容内容内容内容内容内容内容内容内容内容内容内容内容内容内容内容内容内容内容内容内容内容内容内容', 'author': 'xiaoxi', 'category': 'Code', 'time': '2020-04-12', 'id': 24}, {'title': 'for 23', 'content': '内容内容内容内容内容内容内容内容内容内容内容内容内容内容内容内容内容内容内容内容内容内容内容内容内容内容内容内容内容内容内容内容内容', 'author': 'xiaoxi', 'category': 'Code', 'time': '2020-04-12', 'id': 23}, 4]
[pid: 6702|app: 0|req: 5/21] 127.0.0.1 () {46 vars in 727 bytes} [Sun Apr 19 15:55:47 2020] GET /api/blog/?page=1 => generated 4035 bytes in 32 msecs (HTTP/1.1 200) 5 headers in 143 bytes (1 switches on core 0)
[{'title': 'for 30', 'content': '内容内容内容内容内容内容内容内容内容内容内容内容内容内容内容内容内容内容内容内容内容内容内容内容内容内容内容内容内容内容内容内容内容', 'author': 'xiaoxi', 'category': 'Code', 'time': '2020-04-12', 'id': 30}, {'title': 'for 29', 'content': '内容内容内容内容内容内容内容内容内容内容内容内容内容内容内容内容内容内容内容内容内容内容内容内容内容内容内容内容内容内容内容内容内容', 'author': 'xiaoxi', 'category': 'Code', 'time': '2020-04-12', 'id': 29}, {'title': 'for 28', 'content': '内容内容内容内容内容内容内容内容内容内容内容内容内容内容内容内容内容内容内容内容内容内容内容内容内容内容内容内容内容内容内容内容内容', 'author': 'xiaoxi', 'category': 'Code', 'time': '2020-04-12', 'id': 28}, {'title': 'for 27', 'content': '内容内容内容内容内容内容内容内容内容内容内容内容内容内容内容内容内容内容内容内容内容内容内容内容内容内容内容内容内容内容内容内容内容', 'author': 'xiaoxi', 'category': 'Code', 'time': '2020-04-12', 'id': 27}, {'title': 'for 26', 'content': '内容内容内容内容内容内容内容内容内容内容内容内容内容内容内容内容内容内容内容内容内容内容内容内容内容内容内容内容内容内容内容内容内容', 'author': 'xiaoxi', 'category': 'Code', 'time': '2020-04-12', 'id': 26}, {'title': 'for 25', 'content': '内容内容内容内容内容内容内容内容内容内容内容内容内容内容内容内容内容内容内容内容内容内容内容内容内容内容内容内容内容内容内容内容内容', 'author': 'xiaoxi', 'category': 'Code', 'time': '2020-04-12', 'id': 25}, {'title': 'for 24', 'content': '内容内容内容内容内容内容内容内容内容内容内容内容内容内容内容内容内容内容内容内容内容内容内容内容内容内容内容内容内容内容内容内容内容', 'author': 'xiaoxi', 'category': 'Code', 'time': '2020-04-12', 'id': 24}, {'title': 'for 23', 'content': '内容内容内容内容内容内容内容内容内容内容内容内容内容内容内容内容内容内容内容内容内容内容内容内容内容内容内容内容内容内容内容内容内容', 'author': 'xiaoxi', 'category': 'Code', 'time': '2020-04-12', 'id': 23}, 4]
[pid: 6701|app: 0|req: 2/22] 127.0.0.1 () {46 vars in 727 bytes} [Sun Apr 19 15:55:47 2020] GET /api/blog/?page=1 => generated 4035 bytes in 28 msecs (HTTP/1.1 200) 5 headers in 143 bytes (1 switches on core 0)
[{'title': 'for 30', 'content': '内容内容内容内容内容内容内容内容内容内容内容内容内容内容内容内容内容内容内容内容内容内容内容内容内容内容内容内容内容内容内容内容内容', 'author': 'xiaoxi', 'category': 'Code', 'time': '2020-04-12', 'id': 30}, {'title': 'for 29', 'content': '内容内容内容内容内容内容内容内容内容内容内容内容内容内容内容内容内容内容内容内容内容内容内容内容内容内容内容内容内容内容内容内容内容', 'author': 'xiaoxi', 'category': 'Code', 'time': '2020-04-12', 'id': 29}, {'title': 'for 28', 'content': '内容内容内容内容内容内容内容内容内容内容内容内容内容内容内容内容内容内容内容内容内容内容内容内容内容内容内容内容内容内容内容内容内容', 'author': 'xiaoxi', 'category': 'Code', 'time': '2020-04-12', 'id': 28}, {'title': 'for 27', 'content': '内容内容内容内容内容内容内容内容内容内容内容内容内容内容内容内容内容内容内容内容内容内容内容内容内容内容内容内容内容内容内容内容内容', 'author': 'xiaoxi', 'category': 'Code', 'time': '2020-04-12', 'id': 27}, {'title': 'for 26', 'content': '内容内容内容内容内容内容内容内容内容内容内容内容内容内容内容内容内容内容内容内容内容内容内容内容内容内容内容内容内容内容内容内容内容', 'author': 'xiaoxi', 'category': 'Code', 'time': '2020-04-12', 'id': 26}, {'title': 'for 25', 'content': '内容内容内容内容内容内容内容内容内容内容内容内容内容内容内容内容内容内容内容内容内容内容内容内容内容内容内容内容内容内容内容内容内容', 'author': 'xiaoxi', 'category': 'Code', 'time': '2020-04-12', 'id': 25}, {'title': 'for 24', 'content': '内容内容内容内容内容内容内容内容内容内容内容内容内容内容内容内容内容内容内容内容内容内容内容内容内容内容内容内容内容内容内容内容内容', 'author': 'xiaoxi', 'category': 'Code', 'time': '2020-04-12', 'id': 24}, {'title': 'for 23', 'content': '内容内容内容内容内容内容内容内容内容内容内容内容内容内容内容内容内容内容内容内容内容内容内容内容内容内容内容内容内容内容内容内容内容', 'author': 'xiaoxi', 'category': 'Code', 'time': '2020-04-12', 'id': 23}, 4]
[pid: 6704|app: 0|req: 11/23] 127.0.0.1 () {46 vars in 727 bytes} [Sun Apr 19 15:55:48 2020] GET /api/blog/?page=1 => generated 4035 bytes in 29 msecs (HTTP/1.1 200) 5 headers in 143 bytes (1 switches on core 0)
[{'title': 'for 30', 'content': '内容内容内容内容内容内容内容内容内容内容内容内容内容内容内容内容内容内容内容内容内容内容内容内容内容内容内容内容内容内容内容内容内容', 'author': 'xiaoxi', 'category': 'Code', 'time': '2020-04-12', 'id': 30}, {'title': 'for 29', 'content': '内容内容内容内容内容内容内容内容内容内容内容内容内容内容内容内容内容内容内容内容内容内容内容内容内容内容内容内容内容内容内容内容内容', 'author': 'xiaoxi', 'category': 'Code', 'time': '2020-04-12', 'id': 29}, {'title': 'for 28', 'content': '内容内容内容内容内容内容内容内容内容内容内容内容内容内容内容内容内容内容内容内容内容内容内容内容内容内容内容内容内容内容内容内容内容', 'author': 'xiaoxi', 'category': 'Code', 'time': '2020-04-12', 'id': 28}, {'title': 'for 27', 'content': '内容内容内容内容内容内容内容内容内容内容内容内容内容内容内容内容内容内容内容内容内容内容内容内容内容内容内容内容内容内容内容内容内容', 'author': 'xiaoxi', 'category': 'Code', 'time': '2020-04-12', 'id': 27}, {'title': 'for 26', 'content': '内容内容内容内容内容内容内容内容内容内容内容内容内容内容内容内容内容内容内容内容内容内容内容内容内容内容内容内容内容内容内容内容内容', 'author': 'xiaoxi', 'category': 'Code', 'time': '2020-04-12', 'id': 26}, {'title': 'for 25', 'content': '内容内容内容内容内容内容内容内容内容内容内容内容内容内容内容内容内容内容内容内容内容内容内容内容内容内容内容内容内容内容内容内容内容', 'author': 'xiaoxi', 'category': 'Code', 'time': '2020-04-12', 'id': 25}, {'title': 'for 24', 'content': '内容内容内容内容内容内容内容内容内容内容内容内容内容内容内容内容内容内容内容内容内容内容内容内容内容内容内容内容内容内容内容内容内容', 'author': 'xiaoxi', 'category': 'Code', 'time': '2020-04-12', 'id': 24}, {'title': 'for 23', 'content': '内容内容内容内容内容内容内容内容内容内容内容内容内容内容内容内容内容内容内容内容内容内容内容内容内容内容内容内容内容内容内容内容内容', 'author': 'xiaoxi', 'category': 'Code', 'time': '2020-04-12', 'id': 23}, 4]
[pid: 6704|app: 0|req: 12/24] 127.0.0.1 () {46 vars in 727 bytes} [Sun Apr 19 15:55:49 2020] GET /api/blog/?page=1 => generated 4035 bytes in 25 msecs (HTTP/1.1 200) 5 headers in 143 bytes (1 switches on core 0)
[{'title': 'for 30', 'content': '内容内容内容内容内容内容内容内容内容内容内容内容内容内容内容内容内容内容内容内容内容内容内容内容内容内容内容内容内容内容内容内容内容', 'author': 'xiaoxi', 'category': 'Code', 'time': '2020-04-12', 'id': 30}, {'title': 'for 29', 'content': '内容内容内容内容内容内容内容内容内容内容内容内容内容内容内容内容内容内容内容内容内容内容内容内容内容内容内容内容内容内容内容内容内容', 'author': 'xiaoxi', 'category': 'Code', 'time': '2020-04-12', 'id': 29}, {'title': 'for 28', 'content': '内容内容内容内容内容内容内容内容内容内容内容内容内容内容内容内容内容内容内容内容内容内容内容内容内容内容内容内容内容内容内容内容内容', 'author': 'xiaoxi', 'category': 'Code', 'time': '2020-04-12', 'id': 28}, {'title': 'for 27', 'content': '内容内容内容内容内容内容内容内容内容内容内容内容内容内容内容内容内容内容内容内容内容内容内容内容内容内容内容内容内容内容内容内容内容', 'author': 'xiaoxi', 'category': 'Code', 'time': '2020-04-12', 'id': 27}, {'title': 'for 26', 'content': '内容内容内容内容内容内容内容内容内容内容内容内容内容内容内容内容内容内容内容内容内容内容内容内容内容内容内容内容内容内容内容内容内容', 'author': 'xiaoxi', 'category': 'Code', 'time': '2020-04-12', 'id': 26}, {'title': 'for 25', 'content': '内容内容内容内容内容内容内容内容内容内容内容内容内容内容内容内容内容内容内容内容内容内容内容内容内容内容内容内容内容内容内容内容内容', 'author': 'xiaoxi', 'category': 'Code', 'time': '2020-04-12', 'id': 25}, {'title': 'for 24', 'content': '内容内容内容内容内容内容内容内容内容内容内容内容内容内容内容内容内容内容内容内容内容内容内容内容内容内容内容内容内容内容内容内容内容', 'author': 'xiaoxi', 'category': 'Code', 'time': '2020-04-12', 'id': 24}, {'title': 'for 23', 'content': '内容内容内容内容内容内容内容内容内容内容内容内容内容内容内容内容内容内容内容内容内容内容内容内容内容内容内容内容内容内容内容内容内容', 'author': 'xiaoxi', 'category': 'Code', 'time': '2020-04-12', 'id': 23}, 4]
[pid: 6704|app: 0|req: 13/25] 127.0.0.1 () {46 vars in 727 bytes} [Sun Apr 19 15:55:50 2020] GET /api/blog/?page=1 => generated 4035 bytes in 34 msecs (HTTP/1.1 200) 5 headers in 143 bytes (1 switches on core 0)
[{'title': 'for 30', 'content': '内容内容内容内容内容内容内容内容内容内容内容内容内容内容内容内容内容内容内容内容内容内容内容内容内容内容内容内容内容内容内容内容内容', 'author': 'xiaoxi', 'category': 'Code', 'time': '2020-04-12', 'id': 30}, {'title': 'for 29', 'content': '内容内容内容内容内容内容内容内容内容内容内容内容内容内容内容内容内容内容内容内容内容内容内容内容内容内容内容内容内容内容内容内容内容', 'author': 'xiaoxi', 'category': 'Code', 'time': '2020-04-12', 'id': 29}, {'title': 'for 28', 'content': '内容内容内容内容内容内容内容内容内容内容内容内容内容内容内容内容内容内容内容内容内容内容内容内容内容内容内容内容内容内容内容内容内容', 'author': 'xiaoxi', 'category': 'Code', 'time': '2020-04-12', 'id': 28}, {'title': 'for 27', 'content': '内容内容内容内容内容内容内容内容内容内容内容内容内容内容内容内容内容内容内容内容内容内容内容内容内容内容内容内容内容内容内容内容内容', 'author': 'xiaoxi', 'category': 'Code', 'time': '2020-04-12', 'id': 27}, {'title': 'for 26', 'content': '内容内容内容内容内容内容内容内容内容内容内容内容内容内容内容内容内容内容内容内容内容内容内容内容内容内容内容内容内容内容内容内容内容', 'author': 'xiaoxi', 'category': 'Code', 'time': '2020-04-12', 'id': 26}, {'title': 'for 25', 'content': '内容内容内容内容内容内容内容内容内容内容内容内容内容内容内容内容内容内容内容内容内容内容内容内容内容内容内容内容内容内容内容内容内容', 'author': 'xiaoxi', 'category': 'Code', 'time': '2020-04-12', 'id': 25}, {'title': 'for 24', 'content': '内容内容内容内容内容内容内容内容内容内容内容内容内容内容内容内容内容内容内容内容内容内容内容内容内容内容内容内容内容内容内容内容内容', 'author': 'xiaoxi', 'category': 'Code', 'time': '2020-04-12', 'id': 24}, {'title': 'for 23', 'content': '内容内容内容内容内容内容内容内容内容内容内容内容内容内容内容内容内容内容内容内容内容内容内容内容内容内容内容内容内容内容内容内容内容', 'author': 'xiaoxi', 'category': 'Code', 'time': '2020-04-12', 'id': 23}, 4]
[pid: 6703|app: 0|req: 6/26] 127.0.0.1 () {46 vars in 727 bytes} [Sun Apr 19 15:55:50 2020] GET /api/blog/?page=1 => generated 4035 bytes in 31 msecs (HTTP/1.1 200) 5 headers in 143 bytes (1 switches on core 0)
[{'title': 'for 30', 'content': '内容内容内容内容内容内容内容内容内容内容内容内容内容内容内容内容内容内容内容内容内容内容内容内容内容内容内容内容内容内容内容内容内容', 'author': 'xiaoxi', 'category': 'Code', 'time': '2020-04-12', 'id': 30}, {'title': 'for 29', 'content': '内容内容内容内容内容内容内容内容内容内容内容内容内容内容内容内容内容内容内容内容内容内容内容内容内容内容内容内容内容内容内容内容内容', 'author': 'xiaoxi', 'category': 'Code', 'time': '2020-04-12', 'id': 29}, {'title': 'for 28', 'content': '内容内容内容内容内容内容内容内容内容内容内容内容内容内容内容内容内容内容内容内容内容内容内容内容内容内容内容内容内容内容内容内容内容', 'author': 'xiaoxi', 'category': 'Code', 'time': '2020-04-12', 'id': 28}, {'title': 'for 27', 'content': '内容内容内容内容内容内容内容内容内容内容内容内容内容内容内容内容内容内容内容内容内容内容内容内容内容内容内容内容内容内容内容内容内容', 'author': 'xiaoxi', 'category': 'Code', 'time': '2020-04-12', 'id': 27}, {'title': 'for 26', 'content': '内容内容内容内容内容内容内容内容内容内容内容内容内容内容内容内容内容内容内容内容内容内容内容内容内容内容内容内容内容内容内容内容内容', 'author': 'xiaoxi', 'category': 'Code', 'time': '2020-04-12', 'id': 26}, {'title': 'for 25', 'content': '内容内容内容内容内容内容内容内容内容内容内容内容内容内容内容内容内容内容内容内容内容内容内容内容内容内容内容内容内容内容内容内容内容', 'author': 'xiaoxi', 'category': 'Code', 'time': '2020-04-12', 'id': 25}, {'title': 'for 24', 'content': '内容内容内容内容内容内容内容内容内容内容内容内容内容内容内容内容内容内容内容内容内容内容内容内容内容内容内容内容内容内容内容内容内容', 'author': 'xiaoxi', 'category': 'Code', 'time': '2020-04-12', 'id': 24}, {'title': 'for 23', 'content': '内容内容内容内容内容内容内容内容内容内容内容内容内容内容内容内容内容内容内容内容内容内容内容内容内容内容内容内容内容内容内容内容内容', 'author': 'xiaoxi', 'category': 'Code', 'time': '2020-04-12', 'id': 23}, 4]
[pid: 6702|app: 0|req: 6/27] 127.0.0.1 () {46 vars in 727 bytes} [Sun Apr 19 15:55:51 2020] GET /api/blog/?page=1 => generated 4035 bytes in 32 msecs (HTTP/1.1 200) 5 headers in 143 bytes (1 switches on core 0)
[{'title': 'for 30', 'content': '内容内容内容内容内容内容内容内容内容内容内容内容内容内容内容内容内容内容内容内容内容内容内容内容内容内容内容内容内容内容内容内容内容', 'author': 'xiaoxi', 'category': 'Code', 'time': '2020-04-12', 'id': 30}, {'title': 'for 29', 'content': '内容内容内容内容内容内容内容内容内容内容内容内容内容内容内容内容内容内容内容内容内容内容内容内容内容内容内容内容内容内容内容内容内容', 'author': 'xiaoxi', 'category': 'Code', 'time': '2020-04-12', 'id': 29}, {'title': 'for 28', 'content': '内容内容内容内容内容内容内容内容内容内容内容内容内容内容内容内容内容内容内容内容内容内容内容内容内容内容内容内容内容内容内容内容内容', 'author': 'xiaoxi', 'category': 'Code', 'time': '2020-04-12', 'id': 28}, {'title': 'for 27', 'content': '内容内容内容内容内容内容内容内容内容内容内容内容内容内容内容内容内容内容内容内容内容内容内容内容内容内容内容内容内容内容内容内容内容', 'author': 'xiaoxi', 'category': 'Code', 'time': '2020-04-12', 'id': 27}, {'title': 'for 26', 'content': '内容内容内容内容内容内容内容内容内容内容内容内容内容内容内容内容内容内容内容内容内容内容内容内容内容内容内容内容内容内容内容内容内容', 'author': 'xiaoxi', 'category': 'Code', 'time': '2020-04-12', 'id': 26}, {'title': 'for 25', 'content': '内容内容内容内容内容内容内容内容内容内容内容内容内容内容内容内容内容内容内容内容内容内容内容内容内容内容内容内容内容内容内容内容内容', 'author': 'xiaoxi', 'category': 'Code', 'time': '2020-04-12', 'id': 25}, {'title': 'for 24', 'content': '内容内容内容内容内容内容内容内容内容内容内容内容内容内容内容内容内容内容内容内容内容内容内容内容内容内容内容内容内容内容内容内容内容', 'author': 'xiaoxi', 'category': 'Code', 'time': '2020-04-12', 'id': 24}, {'title': 'for 23', 'content': '内容内容内容内容内容内容内容内容内容内容内容内容内容内容内容内容内容内容内容内容内容内容内容内容内容内容内容内容内容内容内容内容内容', 'author': 'xiaoxi', 'category': 'Code', 'time': '2020-04-12', 'id': 23}, 4]
[pid: 6704|app: 0|req: 14/28] 127.0.0.1 () {46 vars in 727 bytes} [Sun Apr 19 15:55:52 2020] GET /api/blog/?page=1 => generated 4035 bytes in 27 msecs (HTTP/1.1 200) 5 headers in 143 bytes (1 switches on core 0)
[{'title': 'for 30', 'content': '内容内容内容内容内容内容内容内容内容内容内容内容内容内容内容内容内容内容内容内容内容内容内容内容内容内容内容内容内容内容内容内容内容', 'author': 'xiaoxi', 'category': 'Code', 'time': '2020-04-12', 'id': 30}, {'title': 'for 29', 'content': '内容内容内容内容内容内容内容内容内容内容内容内容内容内容内容内容内容内容内容内容内容内容内容内容内容内容内容内容内容内容内容内容内容', 'author': 'xiaoxi', 'category': 'Code', 'time': '2020-04-12', 'id': 29}, {'title': 'for 28', 'content': '内容内容内容内容内容内容内容内容内容内容内容内容内容内容内容内容内容内容内容内容内容内容内容内容内容内容内容内容内容内容内容内容内容', 'author': 'xiaoxi', 'category': 'Code', 'time': '2020-04-12', 'id': 28}, {'title': 'for 27', 'content': '内容内容内容内容内容内容内容内容内容内容内容内容内容内容内容内容内容内容内容内容内容内容内容内容内容内容内容内容内容内容内容内容内容', 'author': 'xiaoxi', 'category': 'Code', 'time': '2020-04-12', 'id': 27}, {'title': 'for 26', 'content': '内容内容内容内容内容内容内容内容内容内容内容内容内容内容内容内容内容内容内容内容内容内容内容内容内容内容内容内容内容内容内容内容内容', 'author': 'xiaoxi', 'category': 'Code', 'time': '2020-04-12', 'id': 26}, {'title': 'for 25', 'content': '内容内容内容内容内容内容内容内容内容内容内容内容内容内容内容内容内容内容内容内容内容内容内容内容内容内容内容内容内容内容内容内容内容', 'author': 'xiaoxi', 'category': 'Code', 'time': '2020-04-12', 'id': 25}, {'title': 'for 24', 'content': '内容内容内容内容内容内容内容内容内容内容内容内容内容内容内容内容内容内容内容内容内容内容内容内容内容内容内容内容内容内容内容内容内容', 'author': 'xiaoxi', 'category': 'Code', 'time': '2020-04-12', 'id': 24}, {'title': 'for 23', 'content': '内容内容内容内容内容内容内容内容内容内容内容内容内容内容内容内容内容内容内容内容内容内容内容内容内容内容内容内容内容内容内容内容内容', 'author': 'xiaoxi', 'category': 'Code', 'time': '2020-04-12', 'id': 23}, 4]
[pid: 6704|app: 0|req: 15/29] 127.0.0.1 () {46 vars in 727 bytes} [Sun Apr 19 15:55:53 2020] GET /api/blog/?page=1 => generated 4035 bytes in 42 msecs (HTTP/1.1 200) 5 headers in 143 bytes (1 switches on core 0)
